<?xml version="1.0" encoding="UTF-8"?>
<robot generator="Robot 6.1.1 (Python 3.10.7 on win32)" generated="20240129 22:06:50.870" rpa="false" schemaversion="4">
<suite id="s1" name="Tests" source="C:\Users\HP\PycharmProjects\RobotFramework\tests">
<suite id="s1-s1" name="testDemo3" source="C:\Users\HP\PycharmProjects\RobotFramework\tests\testDemo3.robot">
<test id="s1-s1-t1" name="Validate Child Window Functionality" line="13">
<kw name="open the browser with the mortgage url" library="Generic" type="SETUP">
<kw name="Open Browser" library="SeleniumLibrary">
<arg>${url}</arg>
<arg>browser=chrome</arg>
<arg>options=add_experimental_option("detach", ${true})</arg>
<doc>Opens a new browser instance to the optional ``url``.</doc>
<msg timestamp="20240129 22:06:51.879" level="INFO">Opening browser 'chrome' to base url 'https://rahulshettyacademy.com/loginpagePractise/'.</msg>
<status status="PASS" starttime="20240129 22:06:51.879" endtime="20240129 22:07:08.691"/>
</kw>
<kw name="Maximize Browser Window" library="SeleniumLibrary">
<doc>Maximizes current browser window.</doc>
<status status="PASS" starttime="20240129 22:07:08.694" endtime="20240129 22:07:08.949"/>
</kw>
<status status="PASS" starttime="20240129 22:06:51.879" endtime="20240129 22:07:08.951"/>
</kw>
<kw name="Select the link of Child Window">
<kw name="Click Element" library="SeleniumLibrary">
<arg>css:.blinkingText</arg>
<doc>Click the element identified by ``locator``.</doc>
<msg timestamp="20240129 22:07:08.952" level="INFO">Clicking element 'css:.blinkingText'.</msg>
<status status="PASS" starttime="20240129 22:07:08.952" endtime="20240129 22:07:10.049"/>
</kw>
<kw name="Sleep" library="BuiltIn">
<arg>5</arg>
<doc>Pauses the test executed for the given time.</doc>
<msg timestamp="20240129 22:07:15.063" level="INFO">Slept 5 seconds</msg>
<status status="PASS" starttime="20240129 22:07:10.051" endtime="20240129 22:07:15.064"/>
</kw>
<status status="PASS" starttime="20240129 22:07:08.951" endtime="20240129 22:07:15.064"/>
</kw>
<kw name="Verify the user is switched to Child Window">
<kw name="Switch Window" library="SeleniumLibrary">
<arg>NEW</arg>
<doc>Switches to browser window matching ``locator``.</doc>
<status status="PASS" starttime="20240129 22:07:15.066" endtime="20240129 22:07:15.145"/>
</kw>
<kw name="Element Text Should Be" library="SeleniumLibrary">
<arg>css:h1</arg>
<arg>DOCUMENTS REQUEST</arg>
<doc>Verifies that element ``locator`` contains exact the text ``expected``.</doc>
<msg timestamp="20240129 22:07:15.149" level="INFO">Verifying element 'css:h1' contains exact text 'DOCUMENTS REQUEST'.</msg>
<status status="PASS" starttime="20240129 22:07:15.145" endtime="20240129 22:07:15.241"/>
</kw>
<status status="PASS" starttime="20240129 22:07:15.065" endtime="20240129 22:07:15.241"/>
</kw>
<kw name="Grab the email id in the Child Window">
<kw name="Get Text" library="SeleniumLibrary">
<var>${text}</var>
<arg>css:.red</arg>
<doc>Returns the text value of the element identified by ``locator``.</doc>
<msg timestamp="20240129 22:07:15.309" level="INFO">${text} = Please email us at mentor@rahulshettyacademy.com with below template to receive response</msg>
<status status="PASS" starttime="20240129 22:07:15.241" endtime="20240129 22:07:15.309"/>
</kw>
<kw name="Log" library="BuiltIn">
<arg>${text}</arg>
<doc>Logs the given message with the given level.</doc>
<msg timestamp="20240129 22:07:15.309" level="INFO">Please email us at mentor@rahulshettyacademy.com with below template to receive response</msg>
<status status="PASS" starttime="20240129 22:07:15.309" endtime="20240129 22:07:15.309"/>
</kw>
<kw name="Log To Console" library="BuiltIn">
<arg>--------------------------------------------------------------------------</arg>
<doc>Logs the given message to the console.</doc>
<status status="PASS" starttime="20240129 22:07:15.309" endtime="20240129 22:07:15.313"/>
</kw>
<kw name="Split String" library="String">
<var>@{words}</var>
<arg>${text}</arg>
<arg>at</arg>
<doc>Splits the ``string`` using ``separator`` as a delimiter string.</doc>
<msg timestamp="20240129 22:07:15.313" level="INFO">@{words} = [ Please email us  |  mentor@rahulshettyacademy.com with below templ | e to receive response ]</msg>
<status status="PASS" starttime="20240129 22:07:15.313" endtime="20240129 22:07:15.313"/>
</kw>
<kw name="Get From List" library="Collections">
<var>${text_split}</var>
<arg>${words}</arg>
<arg>1</arg>
<doc>Returns the value specified with an ``index`` from ``list``.</doc>
<msg timestamp="20240129 22:07:15.313" level="INFO">${text_split} =  mentor@rahulshettyacademy.com with below templ</msg>
<status status="PASS" starttime="20240129 22:07:15.313" endtime="20240129 22:07:15.313"/>
</kw>
<kw name="Log" library="BuiltIn">
<arg>${text_split}</arg>
<doc>Logs the given message with the given level.</doc>
<msg timestamp="20240129 22:07:15.318" level="INFO"> mentor@rahulshettyacademy.com with below templ</msg>
<status status="PASS" starttime="20240129 22:07:15.317" endtime="20240129 22:07:15.318"/>
</kw>
<kw name="Log To Console" library="BuiltIn">
<arg>--------------------------------------------------------------------------</arg>
<doc>Logs the given message to the console.</doc>
<status status="PASS" starttime="20240129 22:07:15.318" endtime="20240129 22:07:15.318"/>
</kw>
<kw name="Split String" library="String">
<var>@{words_2}</var>
<arg>${text_split}</arg>
<doc>Splits the ``string`` using ``separator`` as a delimiter string.</doc>
<msg timestamp="20240129 22:07:15.321" level="INFO">@{words_2} = [ mentor@rahulshettyacademy.com | with | below | templ ]</msg>
<status status="PASS" starttime="20240129 22:07:15.318" endtime="20240129 22:07:15.321"/>
</kw>
<kw name="Get From List" library="Collections">
<var>${email}</var>
<arg>${words_2}</arg>
<arg>0</arg>
<doc>Returns the value specified with an ``index`` from ``list``.</doc>
<msg timestamp="20240129 22:07:15.321" level="INFO">${email} = mentor@rahulshettyacademy.com</msg>
<status status="PASS" starttime="20240129 22:07:15.321" endtime="20240129 22:07:15.321"/>
</kw>
<kw name="Log" library="BuiltIn">
<arg>${email}</arg>
<doc>Logs the given message with the given level.</doc>
<msg timestamp="20240129 22:07:15.324" level="INFO">mentor@rahulshettyacademy.com</msg>
<status status="PASS" starttime="20240129 22:07:15.324" endtime="20240129 22:07:15.324"/>
</kw>
<kw name="Log To Console" library="BuiltIn">
<arg>--------------------------------------------------------------------------</arg>
<doc>Logs the given message to the console.</doc>
<status status="PASS" starttime="20240129 22:07:15.324" endtime="20240129 22:07:15.328"/>
</kw>
<kw name="Set Global Variable" library="BuiltIn">
<arg>${email}</arg>
<doc>Makes a variable available globally in all tests and suites.</doc>
<msg timestamp="20240129 22:07:15.329" level="INFO">${email} = mentor@rahulshettyacademy.com</msg>
<status status="PASS" starttime="20240129 22:07:15.328" endtime="20240129 22:07:15.330"/>
</kw>
<status status="PASS" starttime="20240129 22:07:15.241" endtime="20240129 22:07:15.330"/>
</kw>
<kw name="Switch to Parent Window and enter the email">
<kw name="Switch Window" library="SeleniumLibrary">
<arg>MAIN</arg>
<doc>Switches to browser window matching ``locator``.</doc>
<status status="PASS" starttime="20240129 22:07:15.332" endtime="20240129 22:07:15.938"/>
</kw>
<kw name="Title Should Be" library="SeleniumLibrary">
<arg>LoginPage Practise | Rahul Shetty Academy</arg>
<doc>Verifies that the current page title equals ``title``.</doc>
<msg timestamp="20240129 22:07:16.442" level="INFO">Page title is 'LoginPage Practise | Rahul Shetty Academy'.</msg>
<status status="PASS" starttime="20240129 22:07:15.938" endtime="20240129 22:07:16.443"/>
</kw>
<kw name="Input Text" library="SeleniumLibrary">
<arg>id:username</arg>
<arg>${email}</arg>
<doc>Types the given ``text`` into the text field identified by ``locator``.</doc>
<msg timestamp="20240129 22:07:16.446" level="INFO">Typing text 'mentor@rahulshettyacademy.com' into text field 'id:username'.</msg>
<status status="PASS" starttime="20240129 22:07:16.443" endtime="20240129 22:07:17.695"/>
</kw>
<status status="PASS" starttime="20240129 22:07:15.330" endtime="20240129 22:07:17.695"/>
</kw>
<kw name="Close Browser" library="SeleniumLibrary" type="TEARDOWN">
<doc>Closes the current browser.</doc>
<status status="PASS" starttime="20240129 22:07:17.695" endtime="20240129 22:07:21.966"/>
</kw>
<tag>NEWFEATURE</tag>
<status status="PASS" starttime="20240129 22:06:51.863" endtime="20240129 22:07:21.966"/>
</test>
<doc>To validate the login form</doc>
<status status="PASS" starttime="20240129 22:06:51.018" endtime="20240129 22:07:21.970"/>
</suite>
<status status="PASS" starttime="20240129 22:06:50.933" endtime="20240129 22:07:21.974"/>
</suite>
<statistics>
<total>
<stat pass="1" fail="0" skip="0">All Tests</stat>
</total>
<tag>
<stat pass="1" fail="0" skip="0">NEWFEATURE</stat>
</tag>
<suite>
<stat pass="1" fail="0" skip="0" id="s1" name="Tests">Tests</stat>
<stat pass="1" fail="0" skip="0" id="s1-s1" name="testDemo3">Tests.testDemo3</stat>
</suite>
</statistics>
<errors>
</errors>
</robot>
