<?xml version="1.0" encoding="UTF-8"?>
<robot generator="Robot 6.1.1 (Python 3.10.7 on win32)" generated="20240725 17:29:25.133" rpa="false" schemaversion="4">
<suite id="s1" name="testDemo7" source="C:\Users\HP\PycharmProjects\RobotFramework\tests\testDemo7.robot">
<test id="s1-t1" name="Validate UnSuccessful login" line="24">
<kw name="open the browser with url" library="Generic" type="SETUP">
<kw name="Open Browser" library="SeleniumLibrary">
<arg>${url}</arg>
<arg>browser=${browser_name}</arg>
<doc>Opens a new browser instance to the optional ``url``.</doc>
<msg timestamp="20240725 17:29:25.986" level="INFO">Opening browser 'Chrome' to base url 'https://rahulshettyacademy.com/loginpagePractise/'.</msg>
<status status="PASS" starttime="20240725 17:29:25.985" endtime="20240725 17:29:32.776"/>
</kw>
<kw name="Maximize Browser Window" library="SeleniumLibrary">
<doc>Maximizes current browser window.</doc>
<status status="PASS" starttime="20240725 17:29:32.776" endtime="20240725 17:29:32.826"/>
</kw>
<status status="PASS" starttime="20240725 17:29:25.985" endtime="20240725 17:29:32.826"/>
</kw>
<kw name="Fill the login form" library="LandingPage">
<arg>${user_name}</arg>
<arg>${invalid_password}</arg>
<kw name="Input Text" library="SeleniumLibrary">
<arg>id:username</arg>
<arg>${username}</arg>
<doc>Types the given ``text`` into the text field identified by ``locator``.</doc>
<msg timestamp="20240725 17:29:32.830" level="INFO">Typing text 'rahulshettyacademy' into text field 'id:username'.</msg>
<status status="PASS" starttime="20240725 17:29:32.828" endtime="20240725 17:29:33.246"/>
</kw>
<kw name="Input Password" library="SeleniumLibrary">
<arg>id:password</arg>
<arg>${password}</arg>
<doc>Types the given password into the text field identified by ``locator``.</doc>
<msg timestamp="20240725 17:29:33.248" level="INFO">Typing password into text field 'id:password'.</msg>
<msg timestamp="20240725 17:29:33.349" level="INFO">Temporally setting log level to: NONE</msg>
<msg timestamp="20240725 17:29:33.735" level="INFO">Log level changed from NONE to INFO.</msg>
<status status="PASS" starttime="20240725 17:29:33.246" endtime="20240725 17:29:33.736"/>
</kw>
<kw name="Click Button" library="SeleniumLibrary">
<arg>signInBtn</arg>
<doc>Clicks the button identified by ``locator``.</doc>
<msg timestamp="20240725 17:29:33.737" level="INFO">Clicking button 'signInBtn'.</msg>
<status status="PASS" starttime="20240725 17:29:33.737" endtime="20240725 17:29:34.053"/>
</kw>
<status status="PASS" starttime="20240725 17:29:32.827" endtime="20240725 17:29:34.053"/>
</kw>
<kw name="wait until element is located in the page" library="LandingPage">
<kw name="Wait Until element passed is located on Page" library="Generic">
<arg>${Error_MessageLogin}</arg>
<kw name="Wait Until Element Is Visible" library="SeleniumLibrary">
<arg>${page_locator}</arg>
<arg>timeout=10s</arg>
<doc>Waits until the element ``locator`` is visible.</doc>
<status status="PASS" starttime="20240725 17:29:34.063" endtime="20240725 17:29:36.221"/>
</kw>
<status status="PASS" starttime="20240725 17:29:34.059" endtime="20240725 17:29:36.221"/>
</kw>
<status status="PASS" starttime="20240725 17:29:34.053" endtime="20240725 17:29:36.221"/>
</kw>
<kw name="verify error message is correct" library="LandingPage">
<kw name="Element Text Should Be" library="SeleniumLibrary">
<arg>${Error_MessageLogin}</arg>
<arg>Incorrect username/password.</arg>
<doc>Verifies that element ``locator`` contains exact the text ``expected``.</doc>
<msg timestamp="20240725 17:29:36.223" level="INFO">Verifying element 'css:.alert-danger' contains exact text 'Incorrect username/password.'.</msg>
<status status="PASS" starttime="20240725 17:29:36.221" endtime="20240725 17:29:36.273"/>
</kw>
<status status="PASS" starttime="20240725 17:29:36.221" endtime="20240725 17:29:36.273"/>
</kw>
<kw name="Close Browser Session" library="Generic" type="TEARDOWN">
<kw name="Close Browser" library="SeleniumLibrary">
<doc>Closes the current browser.</doc>
<status status="PASS" starttime="20240725 17:29:36.277" endtime="20240725 17:29:40.184"/>
</kw>
<status status="PASS" starttime="20240725 17:29:36.273" endtime="20240725 17:29:40.184"/>
</kw>
<tag>REGRESSION</tag>
<tag>SMOKE</tag>
<status status="PASS" starttime="20240725 17:29:25.984" endtime="20240725 17:29:40.184"/>
</test>
<test id="s1-t2" name="Validate Cards display in the shopping page" line="30">
<kw name="open the browser with url" library="Generic" type="SETUP">
<kw name="Open Browser" library="SeleniumLibrary">
<arg>${url}</arg>
<arg>browser=${browser_name}</arg>
<doc>Opens a new browser instance to the optional ``url``.</doc>
<msg timestamp="20240725 17:29:40.198" level="INFO">Opening browser 'Chrome' to base url 'https://rahulshettyacademy.com/loginpagePractise/'.</msg>
<status status="PASS" starttime="20240725 17:29:40.194" endtime="20240725 17:29:43.785"/>
</kw>
<kw name="Maximize Browser Window" library="SeleniumLibrary">
<doc>Maximizes current browser window.</doc>
<status status="PASS" starttime="20240725 17:29:43.785" endtime="20240725 17:29:44.217"/>
</kw>
<status status="PASS" starttime="20240725 17:29:40.194" endtime="20240725 17:29:44.219"/>
</kw>
<kw name="Fill the login form" library="LandingPage">
<arg>${user_name}</arg>
<arg>${valid_password}</arg>
<kw name="Input Text" library="SeleniumLibrary">
<arg>id:username</arg>
<arg>${username}</arg>
<doc>Types the given ``text`` into the text field identified by ``locator``.</doc>
<msg timestamp="20240725 17:29:44.223" level="INFO">Typing text 'rahulshettyacademy' into text field 'id:username'.</msg>
<status status="PASS" starttime="20240725 17:29:44.220" endtime="20240725 17:29:44.583"/>
</kw>
<kw name="Input Password" library="SeleniumLibrary">
<arg>id:password</arg>
<arg>${password}</arg>
<doc>Types the given password into the text field identified by ``locator``.</doc>
<msg timestamp="20240725 17:29:44.589" level="INFO">Typing password into text field 'id:password'.</msg>
<msg timestamp="20240725 17:29:44.674" level="INFO">Temporally setting log level to: NONE</msg>
<msg timestamp="20240725 17:29:44.835" level="INFO">Log level changed from NONE to INFO.</msg>
<status status="PASS" starttime="20240725 17:29:44.588" endtime="20240725 17:29:44.835"/>
</kw>
<kw name="Click Button" library="SeleniumLibrary">
<arg>signInBtn</arg>
<doc>Clicks the button identified by ``locator``.</doc>
<msg timestamp="20240725 17:29:44.835" level="INFO">Clicking button 'signInBtn'.</msg>
<status status="PASS" starttime="20240725 17:29:44.835" endtime="20240725 17:29:44.967"/>
</kw>
<status status="PASS" starttime="20240725 17:29:44.220" endtime="20240725 17:29:44.970"/>
</kw>
<kw name="wait until element is located in the page" library="ShopPage">
<kw name="Wait Until element passed is located on Page" library="Generic">
<arg>${shop_page_load}</arg>
<kw name="Wait Until Element Is Visible" library="SeleniumLibrary">
<arg>${page_locator}</arg>
<arg>timeout=10s</arg>
<doc>Waits until the element ``locator`` is visible.</doc>
<status status="PASS" starttime="20240725 17:29:44.970" endtime="20240725 17:29:48.563"/>
</kw>
<status status="PASS" starttime="20240725 17:29:44.970" endtime="20240725 17:29:48.567"/>
</kw>
<status status="PASS" starttime="20240725 17:29:44.970" endtime="20240725 17:29:48.567"/>
</kw>
<kw name="Verify Card titles in the shop page" library="ShopPage">
<kw name="Create List" library="BuiltIn">
<var>@{expected_list}</var>
<arg>iphone X</arg>
<arg>Samsung Note 8</arg>
<arg>Nokia Edge</arg>
<arg>Blackberry</arg>
<doc>Returns a list containing given items.</doc>
<msg timestamp="20240725 17:29:48.573" level="INFO">@{expected_list} = [ iphone X | Samsung Note 8 | Nokia Edge | Blackberry ]</msg>
<status status="PASS" starttime="20240725 17:29:48.571" endtime="20240725 17:29:48.573"/>
</kw>
<kw name="Get WebElements" library="SeleniumLibrary">
<var>${elements}</var>
<arg>CSS:.card-title</arg>
<doc>Returns a list of WebElement objects matching the ``locator``.</doc>
<msg timestamp="20240725 17:29:48.638" level="INFO">${elements} = [&lt;selenium.webdriver.remote.webelement.WebElement (session="4212b75669cede8ae38cb5a27d1376ca", element="f.FE9AFEBD8291D558369426FB843FEF0E.d.9D19F8F7BFC9A6E192B953A63A467468.e.67")&gt;, &lt;selenium.webdriv...</msg>
<status status="PASS" starttime="20240725 17:29:48.573" endtime="20240725 17:29:48.638"/>
</kw>
<kw name="Create List" library="BuiltIn">
<var>@{actual_list}</var>
<doc>Returns a list containing given items.</doc>
<msg timestamp="20240725 17:29:48.638" level="INFO">@{actual_list} = [ ]</msg>
<status status="PASS" starttime="20240725 17:29:48.638" endtime="20240725 17:29:48.638"/>
</kw>
<for flavor="IN">
<var>${element}</var>
<value>@{elements}</value>
<iter>
<var name="${element}">&lt;selenium.webdriver.remote.webelement.WebElement (session="4212b75669cede8ae38cb5a27d1376ca", element="f.FE9AFEBD8291D558369426FB843FEF0E.d.9D19F8F7BFC9A6E192B953A63A467468.e.67")&gt;</var>
<kw name="Log" library="BuiltIn">
<arg>${element.text}</arg>
<doc>Logs the given message with the given level.</doc>
<msg timestamp="20240725 17:29:48.749" level="INFO">iphone X</msg>
<status status="PASS" starttime="20240725 17:29:48.644" endtime="20240725 17:29:48.749"/>
</kw>
<kw name="Append To List" library="Collections">
<arg>${actual_list}</arg>
<arg>${element.text}</arg>
<doc>Adds ``values`` to the end of ``list``.</doc>
<status status="PASS" starttime="20240725 17:29:48.749" endtime="20240725 17:29:48.801"/>
</kw>
<status status="PASS" starttime="20240725 17:29:48.644" endtime="20240725 17:29:48.801"/>
</iter>
<iter>
<var name="${element}">&lt;selenium.webdriver.remote.webelement.WebElement (session="4212b75669cede8ae38cb5a27d1376ca", element="f.FE9AFEBD8291D558369426FB843FEF0E.d.9D19F8F7BFC9A6E192B953A63A467468.e.68")&gt;</var>
<kw name="Log" library="BuiltIn">
<arg>${element.text}</arg>
<doc>Logs the given message with the given level.</doc>
<msg timestamp="20240725 17:29:48.845" level="INFO">Samsung Note 8</msg>
<status status="PASS" starttime="20240725 17:29:48.801" endtime="20240725 17:29:48.845"/>
</kw>
<kw name="Append To List" library="Collections">
<arg>${actual_list}</arg>
<arg>${element.text}</arg>
<doc>Adds ``values`` to the end of ``list``.</doc>
<status status="PASS" starttime="20240725 17:29:48.845" endtime="20240725 17:29:48.890"/>
</kw>
<status status="PASS" starttime="20240725 17:29:48.801" endtime="20240725 17:29:48.890"/>
</iter>
<iter>
<var name="${element}">&lt;selenium.webdriver.remote.webelement.WebElement (session="4212b75669cede8ae38cb5a27d1376ca", element="f.FE9AFEBD8291D558369426FB843FEF0E.d.9D19F8F7BFC9A6E192B953A63A467468.e.69")&gt;</var>
<kw name="Log" library="BuiltIn">
<arg>${element.text}</arg>
<doc>Logs the given message with the given level.</doc>
<msg timestamp="20240725 17:29:48.935" level="INFO">Nokia Edge</msg>
<status status="PASS" starttime="20240725 17:29:48.890" endtime="20240725 17:29:48.935"/>
</kw>
<kw name="Append To List" library="Collections">
<arg>${actual_list}</arg>
<arg>${element.text}</arg>
<doc>Adds ``values`` to the end of ``list``.</doc>
<status status="PASS" starttime="20240725 17:29:48.935" endtime="20240725 17:29:48.978"/>
</kw>
<status status="PASS" starttime="20240725 17:29:48.890" endtime="20240725 17:29:48.978"/>
</iter>
<iter>
<var name="${element}">&lt;selenium.webdriver.remote.webelement.WebElement (session="4212b75669cede8ae38cb5a27d1376ca", element="f.FE9AFEBD8291D558369426FB843FEF0E.d.9D19F8F7BFC9A6E192B953A63A467468.e.70")&gt;</var>
<kw name="Log" library="BuiltIn">
<arg>${element.text}</arg>
<doc>Logs the given message with the given level.</doc>
<msg timestamp="20240725 17:29:49.020" level="INFO">Blackberry</msg>
<status status="PASS" starttime="20240725 17:29:48.979" endtime="20240725 17:29:49.020"/>
</kw>
<kw name="Append To List" library="Collections">
<arg>${actual_list}</arg>
<arg>${element.text}</arg>
<doc>Adds ``values`` to the end of ``list``.</doc>
<status status="PASS" starttime="20240725 17:29:49.020" endtime="20240725 17:29:49.065"/>
</kw>
<status status="PASS" starttime="20240725 17:29:48.978" endtime="20240725 17:29:49.065"/>
</iter>
<status status="PASS" starttime="20240725 17:29:48.643" endtime="20240725 17:29:49.065"/>
</for>
<kw name="Lists Should Be Equal" library="Collections">
<arg>${expected_list}</arg>
<arg>${actual_list}</arg>
<doc>Fails if given lists are unequal.</doc>
<status status="PASS" starttime="20240725 17:29:49.065" endtime="20240725 17:29:49.065"/>
</kw>
<status status="PASS" starttime="20240725 17:29:48.568" endtime="20240725 17:29:49.065"/>
</kw>
<kw name="Add Items To Cart And Checkout" library="Shop">
<arg>${listofproducts}</arg>
<msg timestamp="20240725 17:29:49.244" level="INFO">Clicking button 'xpath:(//button[@class='btn btn-info'])[3]'.</msg>
<msg timestamp="20240725 17:29:49.397" level="INFO">Clicking button 'xpath:(//button[@class='btn btn-info'])[4]'.</msg>
<msg timestamp="20240725 17:29:49.528" level="INFO">Clicking link 'css:li.active a'.</msg>
<status status="PASS" starttime="20240725 17:29:49.065" endtime="20240725 17:29:49.695"/>
</kw>
<kw name="Verify If Items Selected And Items Added To Cart Are Same" library="Checkout">
<arg>${list_of_products}</arg>
<msg timestamp="20240725 17:29:49.868" level="INFO">The added items are Nokia Edge
The added items are Blackberry</msg>
<status status="PASS" starttime="20240725 17:29:49.697" endtime="20240725 17:29:49.868"/>
</kw>
<kw name="Checkout" library="CheckoutPage">
<kw name="Click Element" library="SeleniumLibrary">
<arg>css:.btn-success</arg>
<doc>Click the element identified by ``locator``.</doc>
<msg timestamp="20240725 17:29:49.868" level="INFO">Clicking element 'css:.btn-success'.</msg>
<status status="PASS" starttime="20240725 17:29:49.868" endtime="20240725 17:29:50.013"/>
</kw>
<status status="PASS" starttime="20240725 17:29:49.868" endtime="20240725 17:29:50.015"/>
</kw>
<kw name="Enter the Country and Check the Terms and Conditions" library="ConfirmationPage">
<arg>${country_name}</arg>
<kw name="Input Text" library="SeleniumLibrary">
<arg>country</arg>
<arg>${country_name}</arg>
<doc>Types the given ``text`` into the text field identified by ``locator``.</doc>
<msg timestamp="20240725 17:29:50.015" level="INFO">Typing text 'India' into text field 'country'.</msg>
<status status="PASS" starttime="20240725 17:29:50.015" endtime="20240725 17:29:50.313"/>
</kw>
<kw name="Wait Until element passed is located on Page" library="Generic">
<arg>xpath://a[text()='${country_name}']</arg>
<kw name="Wait Until Element Is Visible" library="SeleniumLibrary">
<arg>${page_locator}</arg>
<arg>timeout=10s</arg>
<doc>Waits until the element ``locator`` is visible.</doc>
<status status="PASS" starttime="20240725 17:29:50.313" endtime="20240725 17:29:55.460"/>
</kw>
<status status="PASS" starttime="20240725 17:29:50.313" endtime="20240725 17:29:55.460"/>
</kw>
<kw name="Click Element" library="SeleniumLibrary">
<arg>xpath://a[text()='${country_name}']</arg>
<doc>Click the element identified by ``locator``.</doc>
<msg timestamp="20240725 17:29:55.464" level="INFO">Clicking element 'xpath://a[text()='India']'.</msg>
<status status="PASS" starttime="20240725 17:29:55.460" endtime="20240725 17:29:55.562"/>
</kw>
<kw name="Click Element" library="SeleniumLibrary">
<arg>css:.checkbox-primary label</arg>
<doc>Click the element identified by ``locator``.</doc>
<msg timestamp="20240725 17:29:55.563" level="INFO">Clicking element 'css:.checkbox-primary label'.</msg>
<status status="PASS" starttime="20240725 17:29:55.562" endtime="20240725 17:29:55.668"/>
</kw>
<status status="PASS" starttime="20240725 17:29:50.015" endtime="20240725 17:29:55.668"/>
</kw>
<kw name="Purchase the Producr and Confirm the Purchase" library="ConfirmationPage">
<kw name="Click Element" library="SeleniumLibrary">
<arg>css:.btn-success</arg>
<doc>Click the element identified by ``locator``.</doc>
<msg timestamp="20240725 17:29:55.671" level="INFO">Clicking element 'css:.btn-success'.</msg>
<status status="PASS" starttime="20240725 17:29:55.671" endtime="20240725 17:29:55.787"/>
</kw>
<kw name="Page Should Contain" library="SeleniumLibrary">
<arg>Success!</arg>
<doc>Verifies that current page contains ``text``.</doc>
<msg timestamp="20240725 17:29:55.833" level="INFO">Current page contains text 'Success!'.</msg>
<status status="PASS" starttime="20240725 17:29:55.787" endtime="20240725 17:29:55.833"/>
</kw>
<status status="PASS" starttime="20240725 17:29:55.668" endtime="20240725 17:29:55.833"/>
</kw>
<kw name="Close Browser Session" library="Generic" type="TEARDOWN">
<kw name="Close Browser" library="SeleniumLibrary">
<doc>Closes the current browser.</doc>
<status status="PASS" starttime="20240725 17:29:55.836" endtime="20240725 17:29:58.122"/>
</kw>
<status status="PASS" starttime="20240725 17:29:55.834" endtime="20240725 17:29:58.124"/>
</kw>
<tag>REGRESSION</tag>
<status status="PASS" starttime="20240725 17:29:40.184" endtime="20240725 17:29:58.124"/>
</test>
<test id="s1-t3" name="Select the form and fill login details" line="42">
<kw name="open the browser with url" library="Generic" type="SETUP">
<kw name="Open Browser" library="SeleniumLibrary">
<arg>${url}</arg>
<arg>browser=${browser_name}</arg>
<doc>Opens a new browser instance to the optional ``url``.</doc>
<msg timestamp="20240725 17:29:58.134" level="INFO">Opening browser 'Chrome' to base url 'https://rahulshettyacademy.com/loginpagePractise/'.</msg>
<status status="PASS" starttime="20240725 17:29:58.134" endtime="20240725 17:30:01.943"/>
</kw>
<kw name="Maximize Browser Window" library="SeleniumLibrary">
<doc>Maximizes current browser window.</doc>
<status status="PASS" starttime="20240725 17:30:01.943" endtime="20240725 17:30:02.005"/>
</kw>
<status status="PASS" starttime="20240725 17:29:58.124" endtime="20240725 17:30:02.005"/>
</kw>
<kw name="Fill the login details and login form" library="LandingPage">
<kw name="Input Text" library="SeleniumLibrary">
<arg>id:username</arg>
<arg>rahulshettyacademy</arg>
<doc>Types the given ``text`` into the text field identified by ``locator``.</doc>
<msg timestamp="20240725 17:30:02.009" level="INFO">Typing text 'rahulshettyacademy' into text field 'id:username'.</msg>
<status status="PASS" starttime="20240725 17:30:02.005" endtime="20240725 17:30:02.396"/>
</kw>
<kw name="Input Password" library="SeleniumLibrary">
<arg>id:password</arg>
<arg>library</arg>
<doc>Types the given password into the text field identified by ``locator``.</doc>
<msg timestamp="20240725 17:30:02.396" level="INFO">Typing password into text field 'id:password'.</msg>
<msg timestamp="20240725 17:30:02.473" level="INFO">Temporally setting log level to: NONE</msg>
<msg timestamp="20240725 17:30:02.610" level="INFO">Log level changed from NONE to INFO.</msg>
<status status="PASS" starttime="20240725 17:30:02.396" endtime="20240725 17:30:02.610"/>
</kw>
<kw name="Click Element" library="SeleniumLibrary">
<arg>xpath://input[@value='user']</arg>
<doc>Click the element identified by ``locator``.</doc>
<msg timestamp="20240725 17:30:02.611" level="INFO">Clicking element 'xpath://input[@value='user']'.</msg>
<status status="PASS" starttime="20240725 17:30:02.611" endtime="20240725 17:30:02.734"/>
</kw>
<kw name="Wait Until Element Is Visible" library="SeleniumLibrary">
<arg>css:.modal-body</arg>
<arg>timeout=20s</arg>
<doc>Waits until the element ``locator`` is visible.</doc>
<status status="PASS" starttime="20240725 17:30:02.734" endtime="20240725 17:30:03.054"/>
</kw>
<kw name="Sleep" library="BuiltIn">
<arg>1s</arg>
<doc>Pauses the test executed for the given time.</doc>
<msg timestamp="20240725 17:30:04.070" level="INFO">Slept 1 second</msg>
<status status="PASS" starttime="20240725 17:30:03.054" endtime="20240725 17:30:04.070"/>
</kw>
<kw name="Click Element" library="SeleniumLibrary">
<arg>xpath://button[text()="Okay"]</arg>
<doc>Click the element identified by ``locator``.</doc>
<msg timestamp="20240725 17:30:04.073" level="INFO">Clicking element 'xpath://button[text()="Okay"]'.</msg>
<status status="PASS" starttime="20240725 17:30:04.070" endtime="20240725 17:30:04.280"/>
</kw>
<kw name="Wait Until Element Is Not Visible" library="SeleniumLibrary">
<arg>css:.modal-body</arg>
<arg>timeout=2s</arg>
<doc>Waits until the element ``locator`` is not visible.</doc>
<status status="PASS" starttime="20240725 17:30:04.282" endtime="20240725 17:30:04.646"/>
</kw>
<kw name="Select From List By Value" library="SeleniumLibrary">
<arg>css:select.form-control</arg>
<arg>teach</arg>
<doc>Selects options from selection list ``locator`` by ``values``.</doc>
<msg timestamp="20240725 17:30:04.646" level="INFO">Selecting options from selection list 'css:select.form-control' by value teach.</msg>
<status status="PASS" starttime="20240725 17:30:04.646" endtime="20240725 17:30:05.103"/>
</kw>
<kw name="Select Checkbox" library="SeleniumLibrary">
<arg>terms</arg>
<doc>Selects the checkbox identified by ``locator``.</doc>
<msg timestamp="20240725 17:30:05.103" level="INFO">Selecting checkbox 'terms'.</msg>
<status status="PASS" starttime="20240725 17:30:05.103" endtime="20240725 17:30:05.243"/>
</kw>
<kw name="Checkbox Should Be Selected" library="SeleniumLibrary">
<arg>terms</arg>
<doc>Verifies checkbox ``locator`` is selected/checked.</doc>
<msg timestamp="20240725 17:30:05.243" level="INFO">Verifying checkbox 'terms' is selected.</msg>
<status status="PASS" starttime="20240725 17:30:05.243" endtime="20240725 17:30:05.285"/>
</kw>
<status status="PASS" starttime="20240725 17:30:02.005" endtime="20240725 17:30:05.285"/>
</kw>
<kw name="Close Browser Session" library="Generic" type="TEARDOWN">
<kw name="Close Browser" library="SeleniumLibrary">
<doc>Closes the current browser.</doc>
<status status="PASS" starttime="20240725 17:30:05.285" endtime="20240725 17:30:07.533"/>
</kw>
<status status="PASS" starttime="20240725 17:30:05.285" endtime="20240725 17:30:07.533"/>
</kw>
<status status="PASS" starttime="20240725 17:29:58.124" endtime="20240725 17:30:07.533"/>
</test>
<doc>To validate the login form</doc>
<status status="PASS" starttime="20240725 17:29:25.133" endtime="20240725 17:30:07.533"/>
</suite>
<statistics>
<total>
<stat pass="3" fail="0" skip="0">All Tests</stat>
</total>
<tag>
<stat pass="2" fail="0" skip="0">REGRESSION</stat>
<stat pass="1" fail="0" skip="0">SMOKE</stat>
</tag>
<suite>
<stat pass="3" fail="0" skip="0" id="s1" name="testDemo7">testDemo7</stat>
</suite>
</statistics>
<errors>
</errors>
</robot>
