<?xml version="1.0" encoding="UTF-8"?>
<robot generator="Robot 6.1.1 (Python 3.10.7 on win32)" generated="20240129 22:29:53.666" rpa="false" schemaversion="4">
<suite id="s1" name="testDemo6" source="C:\Users\HP\PycharmProjects\RobotFramework\tests\testDemo6.robot">
<test id="s1-t1" name="Validate UnSuccessful login" line="19">
<kw name="open the browser with the mortgage url" library="Generic" type="SETUP">
<kw name="Open Browser" library="SeleniumLibrary">
<arg>${url}</arg>
<arg>browser=chrome</arg>
<arg>options=add_experimental_option("detach", ${true})</arg>
<doc>Opens a new browser instance to the optional ``url``.</doc>
<msg timestamp="20240129 22:29:54.126" level="INFO">Opening browser 'chrome' to base url 'https://rahulshettyacademy.com/loginpagePractise/'.</msg>
<status status="PASS" starttime="20240129 22:29:54.126" endtime="20240129 22:30:12.017"/>
</kw>
<kw name="Maximize Browser Window" library="SeleniumLibrary">
<doc>Maximizes current browser window.</doc>
<status status="PASS" starttime="20240129 22:30:12.018" endtime="20240129 22:30:12.178"/>
</kw>
<status status="PASS" starttime="20240129 22:29:54.126" endtime="20240129 22:30:12.178"/>
</kw>
<kw name="Fill the login form">
<arg>${user_name}</arg>
<arg>${invalid_password}</arg>
<kw name="Input Text" library="SeleniumLibrary">
<arg>id:username</arg>
<arg>${username}</arg>
<doc>Types the given ``text`` into the text field identified by ``locator``.</doc>
<msg timestamp="20240129 22:30:12.188" level="INFO">Typing text 'rahulshettyacademy' into text field 'id:username'.</msg>
<status status="PASS" starttime="20240129 22:30:12.178" endtime="20240129 22:30:12.599"/>
</kw>
<kw name="Input Password" library="SeleniumLibrary">
<arg>id:password</arg>
<arg>${password}</arg>
<doc>Types the given password into the text field identified by ``locator``.</doc>
<msg timestamp="20240129 22:30:12.603" level="INFO">Typing password into text field 'id:password'.</msg>
<msg timestamp="20240129 22:30:12.726" level="INFO">Temporally setting log level to: NONE</msg>
<msg timestamp="20240129 22:30:13.077" level="INFO">Log level changed from NONE to INFO.</msg>
<status status="PASS" starttime="20240129 22:30:12.599" endtime="20240129 22:30:13.077"/>
</kw>
<kw name="Click Button" library="SeleniumLibrary">
<arg>signInBtn</arg>
<doc>Clicks the button identified by ``locator``.</doc>
<msg timestamp="20240129 22:30:13.081" level="INFO">Clicking button 'signInBtn'.</msg>
<status status="PASS" starttime="20240129 22:30:13.078" endtime="20240129 22:30:13.374"/>
</kw>
<status status="PASS" starttime="20240129 22:30:12.178" endtime="20240129 22:30:13.374"/>
</kw>
<kw name="wait until element is located in the page">
<arg>${Error_MessageLogin}</arg>
<kw name="Wait Until Element Is Visible" library="SeleniumLibrary">
<arg>${element}</arg>
<doc>Waits until the element ``locator`` is visible.</doc>
<status status="PASS" starttime="20240129 22:30:13.376" endtime="20240129 22:30:15.386"/>
</kw>
<status status="PASS" starttime="20240129 22:30:13.376" endtime="20240129 22:30:15.387"/>
</kw>
<kw name="verify error message is correct">
<kw name="Get Text" library="SeleniumLibrary">
<var>${result}</var>
<arg>${Error_MessageLogin}</arg>
<doc>Returns the text value of the element identified by ``locator``.</doc>
<msg timestamp="20240129 22:30:15.500" level="INFO">${result} = Incorrect username/password.</msg>
<status status="PASS" starttime="20240129 22:30:15.387" endtime="20240129 22:30:15.500"/>
</kw>
<kw name="Should Be Equal As Strings" library="BuiltIn">
<arg>${result}</arg>
<arg>Incorrect username/password.</arg>
<doc>Fails if objects are unequal after converting them to strings.</doc>
<status status="PASS" starttime="20240129 22:30:15.502" endtime="20240129 22:30:15.502"/>
</kw>
<kw name="Element Text Should Be" library="SeleniumLibrary">
<arg>${Error_MessageLogin}</arg>
<arg>Incorrect username/password.</arg>
<doc>Verifies that element ``locator`` contains exact the text ``expected``.</doc>
<msg timestamp="20240129 22:30:15.504" level="INFO">Verifying element 'css:.alert-danger' contains exact text 'Incorrect username/password.'.</msg>
<status status="PASS" starttime="20240129 22:30:15.502" endtime="20240129 22:30:15.533"/>
</kw>
<status status="PASS" starttime="20240129 22:30:15.387" endtime="20240129 22:30:15.533"/>
</kw>
<kw name="Close Browser Session" library="Generic" type="TEARDOWN">
<kw name="Close Browser" library="SeleniumLibrary">
<doc>Closes the current browser.</doc>
<status status="PASS" starttime="20240129 22:30:15.534" endtime="20240129 22:30:18.870"/>
</kw>
<status status="PASS" starttime="20240129 22:30:15.534" endtime="20240129 22:30:18.870"/>
</kw>
<status status="PASS" starttime="20240129 22:29:54.126" endtime="20240129 22:30:18.870"/>
</test>
<test id="s1-t2" name="Validate Cards display in the shopping page" line="25">
<kw name="open the browser with the mortgage url" library="Generic" type="SETUP">
<kw name="Open Browser" library="SeleniumLibrary">
<arg>${url}</arg>
<arg>browser=chrome</arg>
<arg>options=add_experimental_option("detach", ${true})</arg>
<doc>Opens a new browser instance to the optional ``url``.</doc>
<msg timestamp="20240129 22:30:18.885" level="INFO">Opening browser 'chrome' to base url 'https://rahulshettyacademy.com/loginpagePractise/'.</msg>
<status status="PASS" starttime="20240129 22:30:18.870" endtime="20240129 22:30:37.205"/>
</kw>
<kw name="Maximize Browser Window" library="SeleniumLibrary">
<doc>Maximizes current browser window.</doc>
<status status="PASS" starttime="20240129 22:30:37.205" endtime="20240129 22:30:37.369"/>
</kw>
<status status="PASS" starttime="20240129 22:30:18.870" endtime="20240129 22:30:37.369"/>
</kw>
<kw name="Fill the login form">
<arg>${user_name}</arg>
<arg>${valid_password}</arg>
<kw name="Input Text" library="SeleniumLibrary">
<arg>id:username</arg>
<arg>${username}</arg>
<doc>Types the given ``text`` into the text field identified by ``locator``.</doc>
<msg timestamp="20240129 22:30:37.369" level="INFO">Typing text 'rahulshettyacademy' into text field 'id:username'.</msg>
<status status="PASS" starttime="20240129 22:30:37.369" endtime="20240129 22:30:37.841"/>
</kw>
<kw name="Input Password" library="SeleniumLibrary">
<arg>id:password</arg>
<arg>${password}</arg>
<doc>Types the given password into the text field identified by ``locator``.</doc>
<msg timestamp="20240129 22:30:37.843" level="INFO">Typing password into text field 'id:password'.</msg>
<msg timestamp="20240129 22:30:37.928" level="INFO">Temporally setting log level to: NONE</msg>
<msg timestamp="20240129 22:30:38.328" level="INFO">Log level changed from NONE to INFO.</msg>
<status status="PASS" starttime="20240129 22:30:37.843" endtime="20240129 22:30:38.328"/>
</kw>
<kw name="Click Button" library="SeleniumLibrary">
<arg>signInBtn</arg>
<doc>Clicks the button identified by ``locator``.</doc>
<msg timestamp="20240129 22:30:38.331" level="INFO">Clicking button 'signInBtn'.</msg>
<status status="PASS" starttime="20240129 22:30:38.331" endtime="20240129 22:30:38.622"/>
</kw>
<status status="PASS" starttime="20240129 22:30:37.369" endtime="20240129 22:30:38.623"/>
</kw>
<kw name="wait until element is located in the page">
<arg>${shop_page_load}</arg>
<kw name="Wait Until Element Is Visible" library="SeleniumLibrary">
<arg>${element}</arg>
<doc>Waits until the element ``locator`` is visible.</doc>
<status status="PASS" starttime="20240129 22:30:38.626" endtime="20240129 22:30:42.396"/>
</kw>
<status status="PASS" starttime="20240129 22:30:38.624" endtime="20240129 22:30:42.396"/>
</kw>
<kw name="Verify Card titles in the shop page">
<kw name="Create List" library="BuiltIn">
<var>@{expected_list}</var>
<arg>iphone X</arg>
<arg>Samsung Note 8</arg>
<arg>Nokia Edge</arg>
<arg>Blackberry</arg>
<doc>Returns a list containing given items.</doc>
<msg timestamp="20240129 22:30:42.399" level="INFO">@{expected_list} = [ iphone X | Samsung Note 8 | Nokia Edge | Blackberry ]</msg>
<status status="PASS" starttime="20240129 22:30:42.399" endtime="20240129 22:30:42.399"/>
</kw>
<kw name="Get WebElements" library="SeleniumLibrary">
<var>${elements}</var>
<arg>CSS:.card-title</arg>
<doc>Returns a list of WebElement objects matching the ``locator``.</doc>
<msg timestamp="20240129 22:30:42.422" level="INFO">${elements} = [&lt;selenium.webdriver.remote.webelement.WebElement (session="e2ce3447786bee806e1d080780fd2a3b", element="B5DEBED307025DA016C9390270E864C8_element_77")&gt;, &lt;selenium.webdriver.remote.webelement.WebElement...</msg>
<status status="PASS" starttime="20240129 22:30:42.399" endtime="20240129 22:30:42.422"/>
</kw>
<kw name="Create List" library="BuiltIn">
<var>@{actual_list}</var>
<doc>Returns a list containing given items.</doc>
<msg timestamp="20240129 22:30:42.423" level="INFO">@{actual_list} = [ ]</msg>
<status status="PASS" starttime="20240129 22:30:42.422" endtime="20240129 22:30:42.423"/>
</kw>
<for flavor="IN">
<var>${element}</var>
<value>@{elements}</value>
<iter>
<var name="${element}">&lt;selenium.webdriver.remote.webelement.WebElement (session="e2ce3447786bee806e1d080780fd2a3b", element="B5DEBED307025DA016C9390270E864C8_element_77")&gt;</var>
<kw name="Log" library="BuiltIn">
<arg>${element.text}</arg>
<doc>Logs the given message with the given level.</doc>
<msg timestamp="20240129 22:30:42.454" level="INFO">iphone X</msg>
<status status="PASS" starttime="20240129 22:30:42.423" endtime="20240129 22:30:42.454"/>
</kw>
<kw name="Append To List" library="Collections">
<arg>${actual_list}</arg>
<arg>${element.text}</arg>
<doc>Adds ``values`` to the end of ``list``.</doc>
<status status="PASS" starttime="20240129 22:30:42.454" endtime="20240129 22:30:42.472"/>
</kw>
<status status="PASS" starttime="20240129 22:30:42.423" endtime="20240129 22:30:42.472"/>
</iter>
<iter>
<var name="${element}">&lt;selenium.webdriver.remote.webelement.WebElement (session="e2ce3447786bee806e1d080780fd2a3b", element="B5DEBED307025DA016C9390270E864C8_element_78")&gt;</var>
<kw name="Log" library="BuiltIn">
<arg>${element.text}</arg>
<doc>Logs the given message with the given level.</doc>
<msg timestamp="20240129 22:30:42.490" level="INFO">Samsung Note 8</msg>
<status status="PASS" starttime="20240129 22:30:42.472" endtime="20240129 22:30:42.490"/>
</kw>
<kw name="Append To List" library="Collections">
<arg>${actual_list}</arg>
<arg>${element.text}</arg>
<doc>Adds ``values`` to the end of ``list``.</doc>
<status status="PASS" starttime="20240129 22:30:42.491" endtime="20240129 22:30:42.514"/>
</kw>
<status status="PASS" starttime="20240129 22:30:42.472" endtime="20240129 22:30:42.514"/>
</iter>
<iter>
<var name="${element}">&lt;selenium.webdriver.remote.webelement.WebElement (session="e2ce3447786bee806e1d080780fd2a3b", element="B5DEBED307025DA016C9390270E864C8_element_79")&gt;</var>
<kw name="Log" library="BuiltIn">
<arg>${element.text}</arg>
<doc>Logs the given message with the given level.</doc>
<msg timestamp="20240129 22:30:42.548" level="INFO">Nokia Edge</msg>
<status status="PASS" starttime="20240129 22:30:42.514" endtime="20240129 22:30:42.548"/>
</kw>
<kw name="Append To List" library="Collections">
<arg>${actual_list}</arg>
<arg>${element.text}</arg>
<doc>Adds ``values`` to the end of ``list``.</doc>
<status status="PASS" starttime="20240129 22:30:42.549" endtime="20240129 22:30:42.585"/>
</kw>
<status status="PASS" starttime="20240129 22:30:42.514" endtime="20240129 22:30:42.585"/>
</iter>
<iter>
<var name="${element}">&lt;selenium.webdriver.remote.webelement.WebElement (session="e2ce3447786bee806e1d080780fd2a3b", element="B5DEBED307025DA016C9390270E864C8_element_80")&gt;</var>
<kw name="Log" library="BuiltIn">
<arg>${element.text}</arg>
<doc>Logs the given message with the given level.</doc>
<msg timestamp="20240129 22:30:42.639" level="INFO">Blackberry</msg>
<status status="PASS" starttime="20240129 22:30:42.585" endtime="20240129 22:30:42.639"/>
</kw>
<kw name="Append To List" library="Collections">
<arg>${actual_list}</arg>
<arg>${element.text}</arg>
<doc>Adds ``values`` to the end of ``list``.</doc>
<status status="PASS" starttime="20240129 22:30:42.640" endtime="20240129 22:30:42.684"/>
</kw>
<status status="PASS" starttime="20240129 22:30:42.585" endtime="20240129 22:30:42.684"/>
</iter>
<status status="PASS" starttime="20240129 22:30:42.423" endtime="20240129 22:30:42.684"/>
</for>
<kw name="Lists Should Be Equal" library="Collections">
<arg>${expected_list}</arg>
<arg>${actual_list}</arg>
<doc>Fails if given lists are unequal.</doc>
<status status="PASS" starttime="20240129 22:30:42.687" endtime="20240129 22:30:42.688"/>
</kw>
<status status="PASS" starttime="20240129 22:30:42.396" endtime="20240129 22:30:42.688"/>
</kw>
<kw name="Hello World" library="Shop">
<msg timestamp="20240129 22:30:42.690" level="INFO">hello</msg>
<status status="PASS" starttime="20240129 22:30:42.690" endtime="20240129 22:30:42.690"/>
</kw>
<kw name="Add Items To Cart And Checkout" library="Shop">
<arg>${listofproducts}</arg>
<msg timestamp="20240129 22:30:42.845" level="INFO">Clicking button 'xpath:(//button[@class='btn btn-info'])[3]'.</msg>
<msg timestamp="20240129 22:30:43.203" level="INFO">Clicking button 'xpath:(//button[@class='btn btn-info'])[4]'.</msg>
<msg timestamp="20240129 22:30:43.525" level="INFO">Clicking link 'css:li.active a'.</msg>
<status status="PASS" starttime="20240129 22:30:42.690" endtime="20240129 22:30:43.751"/>
</kw>
<kw name="Close Browser Session" library="Generic" type="TEARDOWN">
<kw name="Close Browser" library="SeleniumLibrary">
<doc>Closes the current browser.</doc>
<status status="PASS" starttime="20240129 22:30:43.753" endtime="20240129 22:30:46.069"/>
</kw>
<status status="PASS" starttime="20240129 22:30:43.751" endtime="20240129 22:30:46.070"/>
</kw>
<status status="PASS" starttime="20240129 22:30:18.870" endtime="20240129 22:30:46.070"/>
</test>
<test id="s1-t3" name="Select the form and fill login details" line="33">
<kw name="open the browser with the mortgage url" library="Generic" type="SETUP">
<kw name="Open Browser" library="SeleniumLibrary">
<arg>${url}</arg>
<arg>browser=chrome</arg>
<arg>options=add_experimental_option("detach", ${true})</arg>
<doc>Opens a new browser instance to the optional ``url``.</doc>
<msg timestamp="20240129 22:30:46.083" level="INFO">Opening browser 'chrome' to base url 'https://rahulshettyacademy.com/loginpagePractise/'.</msg>
<status status="PASS" starttime="20240129 22:30:46.070" endtime="20240129 22:31:04.307"/>
</kw>
<kw name="Maximize Browser Window" library="SeleniumLibrary">
<doc>Maximizes current browser window.</doc>
<status status="PASS" starttime="20240129 22:31:04.307" endtime="20240129 22:31:04.444"/>
</kw>
<status status="PASS" starttime="20240129 22:30:46.070" endtime="20240129 22:31:04.444"/>
</kw>
<kw name="Fill the login details and login form">
<kw name="Input Text" library="SeleniumLibrary">
<arg>id:username</arg>
<arg>rahulshettyacademy</arg>
<doc>Types the given ``text`` into the text field identified by ``locator``.</doc>
<msg timestamp="20240129 22:31:04.444" level="INFO">Typing text 'rahulshettyacademy' into text field 'id:username'.</msg>
<status status="PASS" starttime="20240129 22:31:04.444" endtime="20240129 22:31:04.841"/>
</kw>
<kw name="Input Password" library="SeleniumLibrary">
<arg>id:password</arg>
<arg>library</arg>
<doc>Types the given password into the text field identified by ``locator``.</doc>
<msg timestamp="20240129 22:31:04.841" level="INFO">Typing password into text field 'id:password'.</msg>
<msg timestamp="20240129 22:31:04.957" level="INFO">Temporally setting log level to: NONE</msg>
<msg timestamp="20240129 22:31:05.322" level="INFO">Log level changed from NONE to INFO.</msg>
<status status="PASS" starttime="20240129 22:31:04.841" endtime="20240129 22:31:05.322"/>
</kw>
<kw name="Click Element" library="SeleniumLibrary">
<arg>xpath://input[@value='user']</arg>
<doc>Click the element identified by ``locator``.</doc>
<msg timestamp="20240129 22:31:05.325" level="INFO">Clicking element 'xpath://input[@value='user']'.</msg>
<status status="PASS" starttime="20240129 22:31:05.322" endtime="20240129 22:31:05.595"/>
</kw>
<kw name="Sleep" library="BuiltIn">
<arg>2s</arg>
<doc>Pauses the test executed for the given time.</doc>
<msg timestamp="20240129 22:31:07.608" level="INFO">Slept 2 seconds</msg>
<status status="PASS" starttime="20240129 22:31:05.595" endtime="20240129 22:31:07.608"/>
</kw>
<kw name="Wait Until Element Is Visible" library="SeleniumLibrary">
<arg>xpath://button[@id='okayBtn']</arg>
<doc>Waits until the element ``locator`` is visible.</doc>
<status status="PASS" starttime="20240129 22:31:07.608" endtime="20240129 22:31:07.722"/>
</kw>
<kw name="Click Element" library="SeleniumLibrary">
<arg>okayBtn</arg>
<doc>Click the element identified by ``locator``.</doc>
<msg timestamp="20240129 22:31:07.722" level="INFO">Clicking element 'okayBtn'.</msg>
<status status="PASS" starttime="20240129 22:31:07.722" endtime="20240129 22:31:07.952"/>
</kw>
<kw name="Wait Until Element Is Not Visible" library="SeleniumLibrary">
<arg>xpath://button[@id='okayBtn']</arg>
<doc>Waits until the element ``locator`` is not visible.</doc>
<status status="PASS" starttime="20240129 22:31:07.955" endtime="20240129 22:31:08.325"/>
</kw>
<kw name="Select From List By Value" library="SeleniumLibrary">
<arg>css:select.form-control</arg>
<arg>teach</arg>
<doc>Selects options from selection list ``locator`` by ``values``.</doc>
<msg timestamp="20240129 22:31:08.325" level="INFO">Selecting options from selection list 'css:select.form-control' by value teach.</msg>
<status status="PASS" starttime="20240129 22:31:08.325" endtime="20240129 22:31:08.506"/>
</kw>
<kw name="Select Checkbox" library="SeleniumLibrary">
<arg>terms</arg>
<doc>Selects the checkbox identified by ``locator``.</doc>
<msg timestamp="20240129 22:31:08.506" level="INFO">Selecting checkbox 'terms'.</msg>
<status status="PASS" starttime="20240129 22:31:08.506" endtime="20240129 22:31:08.641"/>
</kw>
<kw name="Checkbox Should Be Selected" library="SeleniumLibrary">
<arg>terms</arg>
<doc>Verifies checkbox ``locator`` is selected/checked.</doc>
<msg timestamp="20240129 22:31:08.641" level="INFO">Verifying checkbox 'terms' is selected.</msg>
<status status="PASS" starttime="20240129 22:31:08.641" endtime="20240129 22:31:08.677"/>
</kw>
<status status="PASS" starttime="20240129 22:31:04.444" endtime="20240129 22:31:08.677"/>
</kw>
<kw name="Close Browser Session" library="Generic" type="TEARDOWN">
<kw name="Close Browser" library="SeleniumLibrary">
<doc>Closes the current browser.</doc>
<status status="PASS" starttime="20240129 22:31:08.685" endtime="20240129 22:31:10.958"/>
</kw>
<status status="PASS" starttime="20240129 22:31:08.684" endtime="20240129 22:31:10.958"/>
</kw>
<status status="PASS" starttime="20240129 22:30:46.070" endtime="20240129 22:31:10.958"/>
</test>
<doc>To validate the login form</doc>
<status status="PASS" starttime="20240129 22:29:53.666" endtime="20240129 22:31:10.958"/>
</suite>
<statistics>
<total>
<stat pass="3" fail="0" skip="0">All Tests</stat>
</total>
<tag>
</tag>
<suite>
<stat pass="3" fail="0" skip="0" id="s1" name="testDemo6">testDemo6</stat>
</suite>
</statistics>
<errors>
</errors>
</robot>
