<?xml version="1.0" encoding="UTF-8"?>
<robot generator="Robot 6.1.1 (Python 3.10.7 on win32)" generated="20240129 22:06:50.950" rpa="false" schemaversion="4">
<suite id="s1" name="Tests" source="C:\Users\HP\PycharmProjects\RobotFramework\tests">
<suite id="s1-s1" name="testDemo7" source="C:\Users\HP\PycharmProjects\RobotFramework\tests\testDemo7.robot">
<test id="s1-s1-t1" name="Validate UnSuccessful login" line="23">
<kw name="open the browser with url" library="Generic" type="SETUP">
<kw name="Open Browser" library="SeleniumLibrary">
<arg>${url}</arg>
<arg>browser=${browser_name}</arg>
<doc>Opens a new browser instance to the optional ``url``.</doc>
<msg timestamp="20240129 22:06:52.007" level="INFO">Opening browser 'Chrome' to base url 'https://rahulshettyacademy.com/loginpagePractise/'.</msg>
<status status="PASS" starttime="20240129 22:06:52.007" endtime="20240129 22:07:02.162"/>
</kw>
<kw name="Maximize Browser Window" library="SeleniumLibrary">
<doc>Maximizes current browser window.</doc>
<status status="PASS" starttime="20240129 22:07:02.163" endtime="20240129 22:07:03.368"/>
</kw>
<status status="PASS" starttime="20240129 22:06:52.007" endtime="20240129 22:07:03.374"/>
</kw>
<kw name="Fill the login form" library="LandingPage">
<arg>${user_name}</arg>
<arg>${invalid_password}</arg>
<kw name="Input Text" library="SeleniumLibrary">
<arg>id:username</arg>
<arg>${username}</arg>
<doc>Types the given ``text`` into the text field identified by ``locator``.</doc>
<msg timestamp="20240129 22:07:03.380" level="INFO">Typing text 'rahulshettyacademy' into text field 'id:username'.</msg>
<status status="PASS" starttime="20240129 22:07:03.378" endtime="20240129 22:07:04.993"/>
</kw>
<kw name="Input Password" library="SeleniumLibrary">
<arg>id:password</arg>
<arg>${password}</arg>
<doc>Types the given password into the text field identified by ``locator``.</doc>
<msg timestamp="20240129 22:07:04.996" level="INFO">Typing password into text field 'id:password'.</msg>
<msg timestamp="20240129 22:07:05.629" level="INFO">Temporally setting log level to: NONE</msg>
<msg timestamp="20240129 22:07:06.522" level="INFO">Log level changed from NONE to INFO.</msg>
<status status="PASS" starttime="20240129 22:07:04.993" endtime="20240129 22:07:06.522"/>
</kw>
<kw name="Click Button" library="SeleniumLibrary">
<arg>signInBtn</arg>
<doc>Clicks the button identified by ``locator``.</doc>
<msg timestamp="20240129 22:07:06.524" level="INFO">Clicking button 'signInBtn'.</msg>
<status status="PASS" starttime="20240129 22:07:06.522" endtime="20240129 22:07:07.242"/>
</kw>
<status status="PASS" starttime="20240129 22:07:03.375" endtime="20240129 22:07:07.242"/>
</kw>
<kw name="wait until element is located in the page" library="LandingPage">
<kw name="Wait Until element passed is located on Page" library="Generic">
<arg>${Error_MessageLogin}</arg>
<kw name="Wait Until Element Is Visible" library="SeleniumLibrary">
<arg>${page_locator}</arg>
<arg>timeout=10s</arg>
<doc>Waits until the element ``locator`` is visible.</doc>
<status status="PASS" starttime="20240129 22:07:07.245" endtime="20240129 22:07:09.576"/>
</kw>
<status status="PASS" starttime="20240129 22:07:07.242" endtime="20240129 22:07:09.578"/>
</kw>
<status status="PASS" starttime="20240129 22:07:07.242" endtime="20240129 22:07:09.578"/>
</kw>
<kw name="verify error message is correct" library="LandingPage">
<kw name="Element Text Should Be" library="SeleniumLibrary">
<arg>${Error_MessageLogin}</arg>
<arg>Incorrect username/password.</arg>
<doc>Verifies that element ``locator`` contains exact the text ``expected``.</doc>
<msg timestamp="20240129 22:07:09.581" level="INFO">Verifying element 'css:.alert-danger' contains exact text 'Incorrect username/password.'.</msg>
<status status="PASS" starttime="20240129 22:07:09.579" endtime="20240129 22:07:09.876"/>
</kw>
<status status="PASS" starttime="20240129 22:07:09.578" endtime="20240129 22:07:09.876"/>
</kw>
<kw name="Close Browser Session" library="Generic" type="TEARDOWN">
<kw name="Close Browser" library="SeleniumLibrary">
<doc>Closes the current browser.</doc>
<status status="PASS" starttime="20240129 22:07:09.880" endtime="20240129 22:07:13.362"/>
</kw>
<status status="PASS" starttime="20240129 22:07:09.878" endtime="20240129 22:07:13.362"/>
</kw>
<tag>REGRESSION</tag>
<tag>SMOKE</tag>
<status status="PASS" starttime="20240129 22:06:52.007" endtime="20240129 22:07:13.364"/>
</test>
<test id="s1-s1-t2" name="Validate Cards display in the shopping page" line="29">
<kw name="open the browser with url" library="Generic" type="SETUP">
<kw name="Open Browser" library="SeleniumLibrary">
<arg>${url}</arg>
<arg>browser=${browser_name}</arg>
<doc>Opens a new browser instance to the optional ``url``.</doc>
<msg timestamp="20240129 22:07:13.370" level="INFO">Opening browser 'Chrome' to base url 'https://rahulshettyacademy.com/loginpagePractise/'.</msg>
<status status="PASS" starttime="20240129 22:07:13.370" endtime="20240129 22:07:20.896"/>
</kw>
<kw name="Maximize Browser Window" library="SeleniumLibrary">
<doc>Maximizes current browser window.</doc>
<status status="PASS" starttime="20240129 22:07:20.901" endtime="20240129 22:07:21.197"/>
</kw>
<status status="PASS" starttime="20240129 22:07:13.364" endtime="20240129 22:07:21.197"/>
</kw>
<kw name="Fill the login form" library="LandingPage">
<arg>${user_name}</arg>
<arg>${valid_password}</arg>
<kw name="Input Text" library="SeleniumLibrary">
<arg>id:username</arg>
<arg>${username}</arg>
<doc>Types the given ``text`` into the text field identified by ``locator``.</doc>
<msg timestamp="20240129 22:07:21.206" level="INFO">Typing text 'rahulshettyacademy' into text field 'id:username'.</msg>
<status status="PASS" starttime="20240129 22:07:21.206" endtime="20240129 22:07:21.655"/>
</kw>
<kw name="Input Password" library="SeleniumLibrary">
<arg>id:password</arg>
<arg>${password}</arg>
<doc>Types the given password into the text field identified by ``locator``.</doc>
<msg timestamp="20240129 22:07:21.658" level="INFO">Typing password into text field 'id:password'.</msg>
<msg timestamp="20240129 22:07:21.765" level="INFO">Temporally setting log level to: NONE</msg>
<msg timestamp="20240129 22:07:21.903" level="INFO">Log level changed from NONE to INFO.</msg>
<status status="PASS" starttime="20240129 22:07:21.655" endtime="20240129 22:07:21.903"/>
</kw>
<kw name="Click Button" library="SeleniumLibrary">
<arg>signInBtn</arg>
<doc>Clicks the button identified by ``locator``.</doc>
<msg timestamp="20240129 22:07:21.903" level="INFO">Clicking button 'signInBtn'.</msg>
<status status="PASS" starttime="20240129 22:07:21.903" endtime="20240129 22:07:22.177"/>
</kw>
<status status="PASS" starttime="20240129 22:07:21.197" endtime="20240129 22:07:22.177"/>
</kw>
<kw name="wait until element is located in the page" library="ShopPage">
<kw name="Wait Until element passed is located on Page" library="Generic">
<arg>${shop_page_load}</arg>
<kw name="Wait Until Element Is Visible" library="SeleniumLibrary">
<arg>${page_locator}</arg>
<arg>timeout=10s</arg>
<doc>Waits until the element ``locator`` is visible.</doc>
<status status="PASS" starttime="20240129 22:07:22.178" endtime="20240129 22:07:25.875"/>
</kw>
<status status="PASS" starttime="20240129 22:07:22.178" endtime="20240129 22:07:25.875"/>
</kw>
<status status="PASS" starttime="20240129 22:07:22.178" endtime="20240129 22:07:25.875"/>
</kw>
<kw name="Verify Card titles in the shop page" library="ShopPage">
<kw name="Create List" library="BuiltIn">
<var>@{expected_list}</var>
<arg>iphone X</arg>
<arg>Samsung Note 8</arg>
<arg>Nokia Edge</arg>
<arg>Blackberry</arg>
<doc>Returns a list containing given items.</doc>
<msg timestamp="20240129 22:07:25.881" level="INFO">@{expected_list} = [ iphone X | Samsung Note 8 | Nokia Edge | Blackberry ]</msg>
<status status="PASS" starttime="20240129 22:07:25.880" endtime="20240129 22:07:25.881"/>
</kw>
<kw name="Get WebElements" library="SeleniumLibrary">
<var>${elements}</var>
<arg>CSS:.card-title</arg>
<doc>Returns a list of WebElement objects matching the ``locator``.</doc>
<msg timestamp="20240129 22:07:25.913" level="INFO">${elements} = [&lt;selenium.webdriver.remote.webelement.WebElement (session="523f1708c4a06b5f5301a6b2f5640d8f", element="F33241309E6160D48099A6549F8DE7EB_element_35")&gt;, &lt;selenium.webdriver.remote.webelement.WebElement...</msg>
<status status="PASS" starttime="20240129 22:07:25.882" endtime="20240129 22:07:25.913"/>
</kw>
<kw name="Create List" library="BuiltIn">
<var>@{actual_list}</var>
<doc>Returns a list containing given items.</doc>
<msg timestamp="20240129 22:07:25.913" level="INFO">@{actual_list} = [ ]</msg>
<status status="PASS" starttime="20240129 22:07:25.913" endtime="20240129 22:07:25.913"/>
</kw>
<for flavor="IN">
<var>${element}</var>
<value>@{elements}</value>
<iter>
<var name="${element}">&lt;selenium.webdriver.remote.webelement.WebElement (session="523f1708c4a06b5f5301a6b2f5640d8f", element="F33241309E6160D48099A6549F8DE7EB_element_35")&gt;</var>
<kw name="Log" library="BuiltIn">
<arg>${element.text}</arg>
<doc>Logs the given message with the given level.</doc>
<msg timestamp="20240129 22:07:25.955" level="INFO">iphone X</msg>
<status status="PASS" starttime="20240129 22:07:25.913" endtime="20240129 22:07:25.955"/>
</kw>
<kw name="Append To List" library="Collections">
<arg>${actual_list}</arg>
<arg>${element.text}</arg>
<doc>Adds ``values`` to the end of ``list``.</doc>
<status status="PASS" starttime="20240129 22:07:25.955" endtime="20240129 22:07:25.982"/>
</kw>
<status status="PASS" starttime="20240129 22:07:25.913" endtime="20240129 22:07:25.982"/>
</iter>
<iter>
<var name="${element}">&lt;selenium.webdriver.remote.webelement.WebElement (session="523f1708c4a06b5f5301a6b2f5640d8f", element="F33241309E6160D48099A6549F8DE7EB_element_36")&gt;</var>
<kw name="Log" library="BuiltIn">
<arg>${element.text}</arg>
<doc>Logs the given message with the given level.</doc>
<msg timestamp="20240129 22:07:26.009" level="INFO">Samsung Note 8</msg>
<status status="PASS" starttime="20240129 22:07:25.985" endtime="20240129 22:07:26.009"/>
</kw>
<kw name="Append To List" library="Collections">
<arg>${actual_list}</arg>
<arg>${element.text}</arg>
<doc>Adds ``values`` to the end of ``list``.</doc>
<status status="PASS" starttime="20240129 22:07:26.009" endtime="20240129 22:07:26.031"/>
</kw>
<status status="PASS" starttime="20240129 22:07:25.982" endtime="20240129 22:07:26.031"/>
</iter>
<iter>
<var name="${element}">&lt;selenium.webdriver.remote.webelement.WebElement (session="523f1708c4a06b5f5301a6b2f5640d8f", element="F33241309E6160D48099A6549F8DE7EB_element_37")&gt;</var>
<kw name="Log" library="BuiltIn">
<arg>${element.text}</arg>
<doc>Logs the given message with the given level.</doc>
<msg timestamp="20240129 22:07:26.058" level="INFO">Nokia Edge</msg>
<status status="PASS" starttime="20240129 22:07:26.031" endtime="20240129 22:07:26.058"/>
</kw>
<kw name="Append To List" library="Collections">
<arg>${actual_list}</arg>
<arg>${element.text}</arg>
<doc>Adds ``values`` to the end of ``list``.</doc>
<status status="PASS" starttime="20240129 22:07:26.058" endtime="20240129 22:07:26.089"/>
</kw>
<status status="PASS" starttime="20240129 22:07:26.031" endtime="20240129 22:07:26.089"/>
</iter>
<iter>
<var name="${element}">&lt;selenium.webdriver.remote.webelement.WebElement (session="523f1708c4a06b5f5301a6b2f5640d8f", element="F33241309E6160D48099A6549F8DE7EB_element_38")&gt;</var>
<kw name="Log" library="BuiltIn">
<arg>${element.text}</arg>
<doc>Logs the given message with the given level.</doc>
<msg timestamp="20240129 22:07:26.104" level="INFO">Blackberry</msg>
<status status="PASS" starttime="20240129 22:07:26.089" endtime="20240129 22:07:26.104"/>
</kw>
<kw name="Append To List" library="Collections">
<arg>${actual_list}</arg>
<arg>${element.text}</arg>
<doc>Adds ``values`` to the end of ``list``.</doc>
<status status="PASS" starttime="20240129 22:07:26.104" endtime="20240129 22:07:26.137"/>
</kw>
<status status="PASS" starttime="20240129 22:07:26.089" endtime="20240129 22:07:26.138"/>
</iter>
<status status="PASS" starttime="20240129 22:07:25.913" endtime="20240129 22:07:26.138"/>
</for>
<kw name="Lists Should Be Equal" library="Collections">
<arg>${expected_list}</arg>
<arg>${actual_list}</arg>
<doc>Fails if given lists are unequal.</doc>
<status status="PASS" starttime="20240129 22:07:26.138" endtime="20240129 22:07:26.138"/>
</kw>
<status status="PASS" starttime="20240129 22:07:25.879" endtime="20240129 22:07:26.138"/>
</kw>
<kw name="Add Items To Cart And Checkout" library="Shop">
<arg>${listofproducts}</arg>
<msg timestamp="20240129 22:07:26.232" level="INFO">Clicking button 'xpath:(//button[@class='btn btn-info'])[3]'.</msg>
<msg timestamp="20240129 22:07:31.358" level="INFO">Clicking button 'xpath:(//button[@class='btn btn-info'])[4]'.</msg>
<msg timestamp="20240129 22:07:31.540" level="INFO">Clicking link 'css:li.active a'.</msg>
<status status="PASS" starttime="20240129 22:07:26.138" endtime="20240129 22:07:31.643"/>
</kw>
<kw name="Checkout" library="CheckoutPage">
<kw name="Click Element" library="SeleniumLibrary">
<arg>css:.btn-success</arg>
<doc>Click the element identified by ``locator``.</doc>
<msg timestamp="20240129 22:07:31.643" level="INFO">Clicking element 'css:.btn-success'.</msg>
<status status="PASS" starttime="20240129 22:07:31.643" endtime="20240129 22:07:31.786"/>
</kw>
<status status="PASS" starttime="20240129 22:07:31.643" endtime="20240129 22:07:31.786"/>
</kw>
<kw name="Enter the Country and Check the Terms and Conditions" library="ConfirmationPage">
<arg>${country_name}</arg>
<kw name="Input Text" library="SeleniumLibrary">
<arg>country</arg>
<arg>${country_name}</arg>
<doc>Types the given ``text`` into the text field identified by ``locator``.</doc>
<msg timestamp="20240129 22:07:31.803" level="INFO">Typing text 'India' into text field 'country'.</msg>
<status status="PASS" starttime="20240129 22:07:31.786" endtime="20240129 22:07:32.086"/>
</kw>
<kw name="Wait Until element passed is located on Page" library="Generic">
<arg>xpath://a[text()='${country_name}']</arg>
<kw name="Wait Until Element Is Visible" library="SeleniumLibrary">
<arg>${page_locator}</arg>
<arg>timeout=10s</arg>
<doc>Waits until the element ``locator`` is visible.</doc>
<status status="PASS" starttime="20240129 22:07:32.086" endtime="20240129 22:07:37.301"/>
</kw>
<status status="PASS" starttime="20240129 22:07:32.086" endtime="20240129 22:07:37.301"/>
</kw>
<kw name="Click Element" library="SeleniumLibrary">
<arg>xpath://a[text()='${country_name}']</arg>
<doc>Click the element identified by ``locator``.</doc>
<msg timestamp="20240129 22:07:37.301" level="INFO">Clicking element 'xpath://a[text()='India']'.</msg>
<status status="PASS" starttime="20240129 22:07:37.301" endtime="20240129 22:07:37.505"/>
</kw>
<kw name="Click Element" library="SeleniumLibrary">
<arg>css:.checkbox-primary label</arg>
<doc>Click the element identified by ``locator``.</doc>
<msg timestamp="20240129 22:07:37.505" level="INFO">Clicking element 'css:.checkbox-primary label'.</msg>
<status status="PASS" starttime="20240129 22:07:37.505" endtime="20240129 22:07:38.212"/>
</kw>
<status status="PASS" starttime="20240129 22:07:31.786" endtime="20240129 22:07:38.212"/>
</kw>
<kw name="Purchase the Producr and Confirm the Purchase" library="ConfirmationPage">
<kw name="Click Element" library="SeleniumLibrary">
<arg>css:.btn-success</arg>
<doc>Click the element identified by ``locator``.</doc>
<msg timestamp="20240129 22:07:38.216" level="INFO">Clicking element 'css:.btn-success'.</msg>
<status status="PASS" starttime="20240129 22:07:38.213" endtime="20240129 22:07:38.447"/>
</kw>
<kw name="Page Should Contain" library="SeleniumLibrary">
<arg>Success!</arg>
<doc>Verifies that current page contains ``text``.</doc>
<msg timestamp="20240129 22:07:38.540" level="INFO">Current page contains text 'Success!'.</msg>
<status status="PASS" starttime="20240129 22:07:38.447" endtime="20240129 22:07:38.541"/>
</kw>
<status status="PASS" starttime="20240129 22:07:38.213" endtime="20240129 22:07:38.541"/>
</kw>
<kw name="Close Browser Session" library="Generic" type="TEARDOWN">
<kw name="Close Browser" library="SeleniumLibrary">
<doc>Closes the current browser.</doc>
<status status="PASS" starttime="20240129 22:07:38.541" endtime="20240129 22:07:41.395"/>
</kw>
<status status="PASS" starttime="20240129 22:07:38.541" endtime="20240129 22:07:41.395"/>
</kw>
<tag>REGRESSION</tag>
<status status="PASS" starttime="20240129 22:07:13.364" endtime="20240129 22:07:41.395"/>
</test>
<test id="s1-s1-t3" name="Select the form and fill login details" line="40">
<kw name="open the browser with url" library="Generic" type="SETUP">
<kw name="Open Browser" library="SeleniumLibrary">
<arg>${url}</arg>
<arg>browser=${browser_name}</arg>
<doc>Opens a new browser instance to the optional ``url``.</doc>
<msg timestamp="20240129 22:07:41.403" level="INFO">Opening browser 'Chrome' to base url 'https://rahulshettyacademy.com/loginpagePractise/'.</msg>
<status status="PASS" starttime="20240129 22:07:41.400" endtime="20240129 22:07:44.860"/>
</kw>
<kw name="Maximize Browser Window" library="SeleniumLibrary">
<doc>Maximizes current browser window.</doc>
<status status="PASS" starttime="20240129 22:07:44.862" endtime="20240129 22:07:47.485"/>
</kw>
<status status="PASS" starttime="20240129 22:07:41.395" endtime="20240129 22:07:47.485"/>
</kw>
<kw name="Fill the login details and login form" library="LandingPage">
<kw name="Input Text" library="SeleniumLibrary">
<arg>id:username</arg>
<arg>rahulshettyacademy</arg>
<doc>Types the given ``text`` into the text field identified by ``locator``.</doc>
<msg timestamp="20240129 22:07:47.489" level="INFO">Typing text 'rahulshettyacademy' into text field 'id:username'.</msg>
<status status="PASS" starttime="20240129 22:07:47.485" endtime="20240129 22:07:47.809"/>
</kw>
<kw name="Input Password" library="SeleniumLibrary">
<arg>id:password</arg>
<arg>library</arg>
<doc>Types the given password into the text field identified by ``locator``.</doc>
<msg timestamp="20240129 22:07:47.809" level="INFO">Typing password into text field 'id:password'.</msg>
<msg timestamp="20240129 22:07:47.911" level="INFO">Temporally setting log level to: NONE</msg>
<msg timestamp="20240129 22:07:48.084" level="INFO">Log level changed from NONE to INFO.</msg>
<status status="PASS" starttime="20240129 22:07:47.809" endtime="20240129 22:07:48.084"/>
</kw>
<kw name="Click Element" library="SeleniumLibrary">
<arg>xpath://input[@value='user']</arg>
<doc>Click the element identified by ``locator``.</doc>
<msg timestamp="20240129 22:07:48.084" level="INFO">Clicking element 'xpath://input[@value='user']'.</msg>
<status status="PASS" starttime="20240129 22:07:48.084" endtime="20240129 22:07:48.212"/>
</kw>
<kw name="Wait Until Element Is Visible" library="SeleniumLibrary">
<arg>css:.modal-body</arg>
<arg>timeout=20s</arg>
<doc>Waits until the element ``locator`` is visible.</doc>
<status status="PASS" starttime="20240129 22:07:48.213" endtime="20240129 22:07:53.414"/>
</kw>
<kw name="Sleep" library="BuiltIn">
<arg>1s</arg>
<doc>Pauses the test executed for the given time.</doc>
<msg timestamp="20240129 22:07:54.426" level="INFO">Slept 1 second</msg>
<status status="PASS" starttime="20240129 22:07:53.414" endtime="20240129 22:07:54.426"/>
</kw>
<kw name="Click Element" library="SeleniumLibrary">
<arg>xpath://button[text()="Okay"]</arg>
<doc>Click the element identified by ``locator``.</doc>
<msg timestamp="20240129 22:07:54.430" level="INFO">Clicking element 'xpath://button[text()="Okay"]'.</msg>
<status status="PASS" starttime="20240129 22:07:54.426" endtime="20240129 22:07:54.642"/>
</kw>
<kw name="Wait Until Element Is Not Visible" library="SeleniumLibrary">
<arg>css:.modal-body</arg>
<arg>timeout=2s</arg>
<doc>Waits until the element ``locator`` is not visible.</doc>
<status status="PASS" starttime="20240129 22:07:54.642" endtime="20240129 22:07:55.002"/>
</kw>
<kw name="Select From List By Value" library="SeleniumLibrary">
<arg>css:select.form-control</arg>
<arg>teach</arg>
<doc>Selects options from selection list ``locator`` by ``values``.</doc>
<msg timestamp="20240129 22:07:55.002" level="INFO">Selecting options from selection list 'css:select.form-control' by value teach.</msg>
<status status="PASS" starttime="20240129 22:07:55.002" endtime="20240129 22:07:55.363"/>
</kw>
<kw name="Select Checkbox" library="SeleniumLibrary">
<arg>terms</arg>
<doc>Selects the checkbox identified by ``locator``.</doc>
<msg timestamp="20240129 22:07:55.368" level="INFO">Selecting checkbox 'terms'.</msg>
<status status="PASS" starttime="20240129 22:07:55.363" endtime="20240129 22:07:55.526"/>
</kw>
<kw name="Checkbox Should Be Selected" library="SeleniumLibrary">
<arg>terms</arg>
<doc>Verifies checkbox ``locator`` is selected/checked.</doc>
<msg timestamp="20240129 22:07:55.526" level="INFO">Verifying checkbox 'terms' is selected.</msg>
<status status="PASS" starttime="20240129 22:07:55.526" endtime="20240129 22:07:55.569"/>
</kw>
<status status="PASS" starttime="20240129 22:07:47.485" endtime="20240129 22:07:55.569"/>
</kw>
<kw name="Close Browser Session" library="Generic" type="TEARDOWN">
<kw name="Close Browser" library="SeleniumLibrary">
<doc>Closes the current browser.</doc>
<status status="PASS" starttime="20240129 22:07:55.569" endtime="20240129 22:07:57.855"/>
</kw>
<status status="PASS" starttime="20240129 22:07:55.569" endtime="20240129 22:07:57.855"/>
</kw>
<status status="PASS" starttime="20240129 22:07:41.395" endtime="20240129 22:07:57.855"/>
</test>
<doc>To validate the login form</doc>
<status status="PASS" starttime="20240129 22:06:51.064" endtime="20240129 22:07:57.855"/>
</suite>
<status status="PASS" starttime="20240129 22:06:50.984" endtime="20240129 22:07:57.855"/>
</suite>
<statistics>
<total>
<stat pass="3" fail="0" skip="0">All Tests</stat>
</total>
<tag>
<stat pass="2" fail="0" skip="0">REGRESSION</stat>
<stat pass="1" fail="0" skip="0">SMOKE</stat>
</tag>
<suite>
<stat pass="3" fail="0" skip="0" id="s1" name="Tests">Tests</stat>
<stat pass="3" fail="0" skip="0" id="s1-s1" name="testDemo7">Tests.testDemo7</stat>
</suite>
</statistics>
<errors>
</errors>
</robot>
