<?xml version="1.0" encoding="UTF-8"?>
<robot generator="Robot 6.1.1 (Python 3.10.7 on win32)" generated="20240129 22:06:50.854" rpa="false" schemaversion="4">
<suite id="s1" name="Tests" source="C:\Users\HP\PycharmProjects\RobotFramework\tests">
<suite id="s1-s1" name="testDemo6" source="C:\Users\HP\PycharmProjects\RobotFramework\tests\testDemo6.robot">
<test id="s1-s1-t1" name="Validate UnSuccessful login" line="19">
<kw name="open the browser with the mortgage url" library="Generic" type="SETUP">
<kw name="Open Browser" library="SeleniumLibrary">
<arg>${url}</arg>
<arg>browser=chrome</arg>
<arg>options=add_experimental_option("detach", ${true})</arg>
<doc>Opens a new browser instance to the optional ``url``.</doc>
<msg timestamp="20240129 22:06:51.863" level="INFO">Opening browser 'chrome' to base url 'https://rahulshettyacademy.com/loginpagePractise/'.</msg>
<status status="PASS" starttime="20240129 22:06:51.848" endtime="20240129 22:07:03.765"/>
</kw>
<kw name="Maximize Browser Window" library="SeleniumLibrary">
<doc>Maximizes current browser window.</doc>
<status status="PASS" starttime="20240129 22:07:03.767" endtime="20240129 22:07:04.210"/>
</kw>
<status status="PASS" starttime="20240129 22:06:51.848" endtime="20240129 22:07:04.211"/>
</kw>
<kw name="Fill the login form">
<arg>${user_name}</arg>
<arg>${invalid_password}</arg>
<kw name="Input Text" library="SeleniumLibrary">
<arg>id:username</arg>
<arg>${username}</arg>
<doc>Types the given ``text`` into the text field identified by ``locator``.</doc>
<msg timestamp="20240129 22:07:04.217" level="INFO">Typing text 'rahulshettyacademy' into text field 'id:username'.</msg>
<status status="PASS" starttime="20240129 22:07:04.211" endtime="20240129 22:07:06.477"/>
</kw>
<kw name="Input Password" library="SeleniumLibrary">
<arg>id:password</arg>
<arg>${password}</arg>
<doc>Types the given password into the text field identified by ``locator``.</doc>
<msg timestamp="20240129 22:07:06.485" level="INFO">Typing password into text field 'id:password'.</msg>
<msg timestamp="20240129 22:07:06.919" level="INFO">Temporally setting log level to: NONE</msg>
<msg timestamp="20240129 22:07:07.170" level="INFO">Log level changed from NONE to INFO.</msg>
<status status="PASS" starttime="20240129 22:07:06.477" endtime="20240129 22:07:07.170"/>
</kw>
<kw name="Click Button" library="SeleniumLibrary">
<arg>signInBtn</arg>
<doc>Clicks the button identified by ``locator``.</doc>
<msg timestamp="20240129 22:07:07.177" level="INFO">Clicking button 'signInBtn'.</msg>
<status status="PASS" starttime="20240129 22:07:07.176" endtime="20240129 22:07:09.158"/>
</kw>
<status status="PASS" starttime="20240129 22:07:04.211" endtime="20240129 22:07:09.158"/>
</kw>
<kw name="wait until element is located in the page">
<arg>${Error_MessageLogin}</arg>
<kw name="Wait Until Element Is Visible" library="SeleniumLibrary">
<arg>${element}</arg>
<doc>Waits until the element ``locator`` is visible.</doc>
<status status="PASS" starttime="20240129 22:07:09.158" endtime="20240129 22:07:11.184"/>
</kw>
<status status="PASS" starttime="20240129 22:07:09.158" endtime="20240129 22:07:11.184"/>
</kw>
<kw name="verify error message is correct">
<kw name="Get Text" library="SeleniumLibrary">
<var>${result}</var>
<arg>${Error_MessageLogin}</arg>
<doc>Returns the text value of the element identified by ``locator``.</doc>
<msg timestamp="20240129 22:07:11.253" level="INFO">${result} = Incorrect username/password.</msg>
<status status="PASS" starttime="20240129 22:07:11.184" endtime="20240129 22:07:11.253"/>
</kw>
<kw name="Should Be Equal As Strings" library="BuiltIn">
<arg>${result}</arg>
<arg>Incorrect username/password.</arg>
<doc>Fails if objects are unequal after converting them to strings.</doc>
<status status="PASS" starttime="20240129 22:07:11.254" endtime="20240129 22:07:11.256"/>
</kw>
<kw name="Element Text Should Be" library="SeleniumLibrary">
<arg>${Error_MessageLogin}</arg>
<arg>Incorrect username/password.</arg>
<doc>Verifies that element ``locator`` contains exact the text ``expected``.</doc>
<msg timestamp="20240129 22:07:11.258" level="INFO">Verifying element 'css:.alert-danger' contains exact text 'Incorrect username/password.'.</msg>
<status status="PASS" starttime="20240129 22:07:11.256" endtime="20240129 22:07:11.310"/>
</kw>
<status status="PASS" starttime="20240129 22:07:11.184" endtime="20240129 22:07:11.310"/>
</kw>
<kw name="Close Browser Session" library="Generic" type="TEARDOWN">
<kw name="Close Browser" library="SeleniumLibrary">
<doc>Closes the current browser.</doc>
<status status="PASS" starttime="20240129 22:07:11.314" endtime="20240129 22:07:13.632"/>
</kw>
<status status="PASS" starttime="20240129 22:07:11.310" endtime="20240129 22:07:13.632"/>
</kw>
<status status="PASS" starttime="20240129 22:06:51.848" endtime="20240129 22:07:13.633"/>
</test>
<test id="s1-s1-t2" name="Validate Cards display in the shopping page" line="25">
<kw name="open the browser with the mortgage url" library="Generic" type="SETUP">
<kw name="Open Browser" library="SeleniumLibrary">
<arg>${url}</arg>
<arg>browser=chrome</arg>
<arg>options=add_experimental_option("detach", ${true})</arg>
<doc>Opens a new browser instance to the optional ``url``.</doc>
<msg timestamp="20240129 22:07:13.638" level="INFO">Opening browser 'chrome' to base url 'https://rahulshettyacademy.com/loginpagePractise/'.</msg>
<status status="PASS" starttime="20240129 22:07:13.633" endtime="20240129 22:07:22.588"/>
</kw>
<kw name="Maximize Browser Window" library="SeleniumLibrary">
<doc>Maximizes current browser window.</doc>
<status status="PASS" starttime="20240129 22:07:22.588" endtime="20240129 22:07:22.744"/>
</kw>
<status status="PASS" starttime="20240129 22:07:13.633" endtime="20240129 22:07:22.744"/>
</kw>
<kw name="Fill the login form">
<arg>${user_name}</arg>
<arg>${valid_password}</arg>
<kw name="Input Text" library="SeleniumLibrary">
<arg>id:username</arg>
<arg>${username}</arg>
<doc>Types the given ``text`` into the text field identified by ``locator``.</doc>
<msg timestamp="20240129 22:07:22.744" level="INFO">Typing text 'rahulshettyacademy' into text field 'id:username'.</msg>
<status status="PASS" starttime="20240129 22:07:22.744" endtime="20240129 22:07:23.014"/>
</kw>
<kw name="Input Password" library="SeleniumLibrary">
<arg>id:password</arg>
<arg>${password}</arg>
<doc>Types the given password into the text field identified by ``locator``.</doc>
<msg timestamp="20240129 22:07:23.026" level="INFO">Typing password into text field 'id:password'.</msg>
<msg timestamp="20240129 22:07:23.123" level="INFO">Temporally setting log level to: NONE</msg>
<msg timestamp="20240129 22:07:23.235" level="INFO">Log level changed from NONE to INFO.</msg>
<status status="PASS" starttime="20240129 22:07:23.026" endtime="20240129 22:07:23.235"/>
</kw>
<kw name="Click Button" library="SeleniumLibrary">
<arg>signInBtn</arg>
<doc>Clicks the button identified by ``locator``.</doc>
<msg timestamp="20240129 22:07:23.239" level="INFO">Clicking button 'signInBtn'.</msg>
<status status="PASS" starttime="20240129 22:07:23.235" endtime="20240129 22:07:23.374"/>
</kw>
<status status="PASS" starttime="20240129 22:07:22.744" endtime="20240129 22:07:23.374"/>
</kw>
<kw name="wait until element is located in the page">
<arg>${shop_page_load}</arg>
<kw name="Wait Until Element Is Visible" library="SeleniumLibrary">
<arg>${element}</arg>
<doc>Waits until the element ``locator`` is visible.</doc>
<status status="PASS" starttime="20240129 22:07:23.378" endtime="20240129 22:07:26.892"/>
</kw>
<status status="PASS" starttime="20240129 22:07:23.376" endtime="20240129 22:07:26.892"/>
</kw>
<kw name="Verify Card titles in the shop page">
<kw name="Create List" library="BuiltIn">
<var>@{expected_list}</var>
<arg>iphone X</arg>
<arg>Samsung Note 8</arg>
<arg>Nokia Edge</arg>
<arg>Blackberry</arg>
<doc>Returns a list containing given items.</doc>
<msg timestamp="20240129 22:07:26.895" level="INFO">@{expected_list} = [ iphone X | Samsung Note 8 | Nokia Edge | Blackberry ]</msg>
<status status="PASS" starttime="20240129 22:07:26.892" endtime="20240129 22:07:26.895"/>
</kw>
<kw name="Get WebElements" library="SeleniumLibrary">
<var>${elements}</var>
<arg>CSS:.card-title</arg>
<doc>Returns a list of WebElement objects matching the ``locator``.</doc>
<msg timestamp="20240129 22:07:26.924" level="INFO">${elements} = [&lt;selenium.webdriver.remote.webelement.WebElement (session="42a53b4b25d9591fcde7c36b906ebd05", element="B5459FDCF37D4B9AC6554BCBF1138A15_element_35")&gt;, &lt;selenium.webdriver.remote.webelement.WebElement...</msg>
<status status="PASS" starttime="20240129 22:07:26.895" endtime="20240129 22:07:26.924"/>
</kw>
<kw name="Create List" library="BuiltIn">
<var>@{actual_list}</var>
<doc>Returns a list containing given items.</doc>
<msg timestamp="20240129 22:07:26.924" level="INFO">@{actual_list} = [ ]</msg>
<status status="PASS" starttime="20240129 22:07:26.924" endtime="20240129 22:07:26.924"/>
</kw>
<for flavor="IN">
<var>${element}</var>
<value>@{elements}</value>
<iter>
<var name="${element}">&lt;selenium.webdriver.remote.webelement.WebElement (session="42a53b4b25d9591fcde7c36b906ebd05", element="B5459FDCF37D4B9AC6554BCBF1138A15_element_35")&gt;</var>
<kw name="Log" library="BuiltIn">
<arg>${element.text}</arg>
<doc>Logs the given message with the given level.</doc>
<msg timestamp="20240129 22:07:26.956" level="INFO">iphone X</msg>
<status status="PASS" starttime="20240129 22:07:26.927" endtime="20240129 22:07:26.956"/>
</kw>
<kw name="Append To List" library="Collections">
<arg>${actual_list}</arg>
<arg>${element.text}</arg>
<doc>Adds ``values`` to the end of ``list``.</doc>
<status status="PASS" starttime="20240129 22:07:26.957" endtime="20240129 22:07:26.975"/>
</kw>
<status status="PASS" starttime="20240129 22:07:26.924" endtime="20240129 22:07:26.975"/>
</iter>
<iter>
<var name="${element}">&lt;selenium.webdriver.remote.webelement.WebElement (session="42a53b4b25d9591fcde7c36b906ebd05", element="B5459FDCF37D4B9AC6554BCBF1138A15_element_36")&gt;</var>
<kw name="Log" library="BuiltIn">
<arg>${element.text}</arg>
<doc>Logs the given message with the given level.</doc>
<msg timestamp="20240129 22:07:26.999" level="INFO">Samsung Note 8</msg>
<status status="PASS" starttime="20240129 22:07:26.975" endtime="20240129 22:07:26.999"/>
</kw>
<kw name="Append To List" library="Collections">
<arg>${actual_list}</arg>
<arg>${element.text}</arg>
<doc>Adds ``values`` to the end of ``list``.</doc>
<status status="PASS" starttime="20240129 22:07:26.999" endtime="20240129 22:07:27.021"/>
</kw>
<status status="PASS" starttime="20240129 22:07:26.975" endtime="20240129 22:07:27.023"/>
</iter>
<iter>
<var name="${element}">&lt;selenium.webdriver.remote.webelement.WebElement (session="42a53b4b25d9591fcde7c36b906ebd05", element="B5459FDCF37D4B9AC6554BCBF1138A15_element_37")&gt;</var>
<kw name="Log" library="BuiltIn">
<arg>${element.text}</arg>
<doc>Logs the given message with the given level.</doc>
<msg timestamp="20240129 22:07:27.045" level="INFO">Nokia Edge</msg>
<status status="PASS" starttime="20240129 22:07:27.023" endtime="20240129 22:07:27.046"/>
</kw>
<kw name="Append To List" library="Collections">
<arg>${actual_list}</arg>
<arg>${element.text}</arg>
<doc>Adds ``values`` to the end of ``list``.</doc>
<status status="PASS" starttime="20240129 22:07:27.046" endtime="20240129 22:07:27.066"/>
</kw>
<status status="PASS" starttime="20240129 22:07:27.023" endtime="20240129 22:07:27.066"/>
</iter>
<iter>
<var name="${element}">&lt;selenium.webdriver.remote.webelement.WebElement (session="42a53b4b25d9591fcde7c36b906ebd05", element="B5459FDCF37D4B9AC6554BCBF1138A15_element_38")&gt;</var>
<kw name="Log" library="BuiltIn">
<arg>${element.text}</arg>
<doc>Logs the given message with the given level.</doc>
<msg timestamp="20240129 22:07:27.091" level="INFO">Blackberry</msg>
<status status="PASS" starttime="20240129 22:07:27.066" endtime="20240129 22:07:27.091"/>
</kw>
<kw name="Append To List" library="Collections">
<arg>${actual_list}</arg>
<arg>${element.text}</arg>
<doc>Adds ``values`` to the end of ``list``.</doc>
<status status="PASS" starttime="20240129 22:07:27.091" endtime="20240129 22:07:27.119"/>
</kw>
<status status="PASS" starttime="20240129 22:07:27.066" endtime="20240129 22:07:27.119"/>
</iter>
<status status="PASS" starttime="20240129 22:07:26.924" endtime="20240129 22:07:27.121"/>
</for>
<kw name="Lists Should Be Equal" library="Collections">
<arg>${expected_list}</arg>
<arg>${actual_list}</arg>
<doc>Fails if given lists are unequal.</doc>
<status status="PASS" starttime="20240129 22:07:27.121" endtime="20240129 22:07:27.121"/>
</kw>
<status status="PASS" starttime="20240129 22:07:26.892" endtime="20240129 22:07:27.121"/>
</kw>
<kw name="Hello World" library="Shop">
<msg timestamp="20240129 22:07:27.126" level="INFO">hello</msg>
<status status="PASS" starttime="20240129 22:07:27.126" endtime="20240129 22:07:27.126"/>
</kw>
<kw name="Add Items To Cart And Checkout" library="Shop">
<arg>${listofproducts}</arg>
<msg timestamp="20240129 22:07:27.239" level="INFO">Clicking button 'xpath:(//button[@class='btn btn-info'])[3]'.</msg>
<msg timestamp="20240129 22:07:28.401" level="INFO">Clicking button 'xpath:(//button[@class='btn btn-info'])[4]'.</msg>
<msg timestamp="20240129 22:07:28.923" level="INFO">Clicking link 'css:li.active a'.</msg>
<status status="PASS" starttime="20240129 22:07:27.126" endtime="20240129 22:07:29.167"/>
</kw>
<kw name="Close Browser Session" library="Generic" type="TEARDOWN">
<kw name="Close Browser" library="SeleniumLibrary">
<doc>Closes the current browser.</doc>
<status status="PASS" starttime="20240129 22:07:29.170" endtime="20240129 22:07:32.165"/>
</kw>
<status status="PASS" starttime="20240129 22:07:29.169" endtime="20240129 22:07:32.165"/>
</kw>
<status status="PASS" starttime="20240129 22:07:13.633" endtime="20240129 22:07:32.165"/>
</test>
<test id="s1-s1-t3" name="Select the form and fill login details" line="33">
<kw name="open the browser with the mortgage url" library="Generic" type="SETUP">
<kw name="Open Browser" library="SeleniumLibrary">
<arg>${url}</arg>
<arg>browser=chrome</arg>
<arg>options=add_experimental_option("detach", ${true})</arg>
<doc>Opens a new browser instance to the optional ``url``.</doc>
<msg timestamp="20240129 22:07:32.165" level="INFO">Opening browser 'chrome' to base url 'https://rahulshettyacademy.com/loginpagePractise/'.</msg>
<status status="PASS" starttime="20240129 22:07:32.165" endtime="20240129 22:07:38.336"/>
</kw>
<kw name="Maximize Browser Window" library="SeleniumLibrary">
<doc>Maximizes current browser window.</doc>
<status status="PASS" starttime="20240129 22:07:38.336" endtime="20240129 22:07:38.517"/>
</kw>
<status status="PASS" starttime="20240129 22:07:32.165" endtime="20240129 22:07:38.517"/>
</kw>
<kw name="Fill the login details and login form">
<kw name="Input Text" library="SeleniumLibrary">
<arg>id:username</arg>
<arg>rahulshettyacademy</arg>
<doc>Types the given ``text`` into the text field identified by ``locator``.</doc>
<msg timestamp="20240129 22:07:38.517" level="INFO">Typing text 'rahulshettyacademy' into text field 'id:username'.</msg>
<status status="PASS" starttime="20240129 22:07:38.517" endtime="20240129 22:07:38.910"/>
</kw>
<kw name="Input Password" library="SeleniumLibrary">
<arg>id:password</arg>
<arg>library</arg>
<doc>Types the given password into the text field identified by ``locator``.</doc>
<msg timestamp="20240129 22:07:38.912" level="INFO">Typing password into text field 'id:password'.</msg>
<msg timestamp="20240129 22:07:39.006" level="INFO">Temporally setting log level to: NONE</msg>
<msg timestamp="20240129 22:07:39.177" level="INFO">Log level changed from NONE to INFO.</msg>
<status status="PASS" starttime="20240129 22:07:38.910" endtime="20240129 22:07:39.177"/>
</kw>
<kw name="Click Element" library="SeleniumLibrary">
<arg>xpath://input[@value='user']</arg>
<doc>Click the element identified by ``locator``.</doc>
<msg timestamp="20240129 22:07:39.177" level="INFO">Clicking element 'xpath://input[@value='user']'.</msg>
<status status="PASS" starttime="20240129 22:07:39.177" endtime="20240129 22:07:39.362"/>
</kw>
<kw name="Sleep" library="BuiltIn">
<arg>2s</arg>
<doc>Pauses the test executed for the given time.</doc>
<msg timestamp="20240129 22:07:41.370" level="INFO">Slept 2 seconds</msg>
<status status="PASS" starttime="20240129 22:07:39.365" endtime="20240129 22:07:41.370"/>
</kw>
<kw name="Wait Until Element Is Visible" library="SeleniumLibrary">
<arg>xpath://button[@id='okayBtn']</arg>
<doc>Waits until the element ``locator`` is visible.</doc>
<msg timestamp="20240129 22:07:51.456" level="INFO" html="true">&lt;/td&gt;&lt;/tr&gt;&lt;tr&gt;&lt;td colspan="3"&gt;&lt;a href="selenium-screenshot-1.png"&gt;&lt;img src="selenium-screenshot-1.png" width="800px"&gt;&lt;/a&gt;</msg>
<msg timestamp="20240129 22:07:51.456" level="FAIL">Element 'xpath://button[@id='okayBtn']' not visible after 5 seconds.</msg>
<status status="FAIL" starttime="20240129 22:07:41.370" endtime="20240129 22:07:51.456"/>
</kw>
<kw name="Click Element" library="SeleniumLibrary">
<arg>okayBtn</arg>
<doc>Click the element identified by ``locator``.</doc>
<status status="NOT RUN" starttime="20240129 22:07:51.456" endtime="20240129 22:07:51.456"/>
</kw>
<kw name="Wait Until Element Is Not Visible" library="SeleniumLibrary">
<arg>xpath://button[@id='okayBtn']</arg>
<doc>Waits until the element ``locator`` is not visible.</doc>
<status status="NOT RUN" starttime="20240129 22:07:51.456" endtime="20240129 22:07:51.456"/>
</kw>
<kw name="Select From List By Value" library="SeleniumLibrary">
<arg>css:select.form-control</arg>
<arg>teach</arg>
<doc>Selects options from selection list ``locator`` by ``values``.</doc>
<status status="NOT RUN" starttime="20240129 22:07:51.456" endtime="20240129 22:07:51.456"/>
</kw>
<kw name="Select Checkbox" library="SeleniumLibrary">
<arg>terms</arg>
<doc>Selects the checkbox identified by ``locator``.</doc>
<status status="NOT RUN" starttime="20240129 22:07:51.456" endtime="20240129 22:07:51.456"/>
</kw>
<kw name="Checkbox Should Be Selected" library="SeleniumLibrary">
<arg>terms</arg>
<doc>Verifies checkbox ``locator`` is selected/checked.</doc>
<status status="NOT RUN" starttime="20240129 22:07:51.456" endtime="20240129 22:07:51.456"/>
</kw>
<status status="FAIL" starttime="20240129 22:07:38.517" endtime="20240129 22:07:51.456"/>
</kw>
<kw name="Close Browser Session" library="Generic" type="TEARDOWN">
<kw name="Close Browser" library="SeleniumLibrary">
<doc>Closes the current browser.</doc>
<status status="PASS" starttime="20240129 22:07:51.456" endtime="20240129 22:07:53.642"/>
</kw>
<status status="PASS" starttime="20240129 22:07:51.456" endtime="20240129 22:07:53.644"/>
</kw>
<status status="FAIL" starttime="20240129 22:07:32.165" endtime="20240129 22:07:53.644">Element 'xpath://button[@id='okayBtn']' not visible after 5 seconds.</status>
</test>
<doc>To validate the login form</doc>
<status status="FAIL" starttime="20240129 22:06:50.950" endtime="20240129 22:07:53.647"/>
</suite>
<status status="FAIL" starttime="20240129 22:06:50.870" endtime="20240129 22:07:53.651"/>
</suite>
<statistics>
<total>
<stat pass="2" fail="1" skip="0">All Tests</stat>
</total>
<tag>
</tag>
<suite>
<stat pass="2" fail="1" skip="0" id="s1" name="Tests">Tests</stat>
<stat pass="2" fail="1" skip="0" id="s1-s1" name="testDemo6">Tests.testDemo6</stat>
</suite>
</statistics>
<errors>
</errors>
</robot>
