<?xml version="1.0" encoding="UTF-8"?>
<robot generator="Robot 6.1.1 (Python 3.10.7 on win32)" generated="20240129 22:06:50.854" rpa="false" schemaversion="4">
<suite id="s1" name="Tests" source="C:\Users\HP\PycharmProjects\RobotFramework\tests">
<suite id="s1-s1" name="testDemo1" source="C:\Users\HP\PycharmProjects\RobotFramework\tests\testDemo1.robot">
<test id="s1-s1-t1" name="Validate UnSuccessful login" line="14">
<kw name="open the browser with the mortgage url">
<kw name="Create Webdriver" library="SeleniumLibrary">
<arg>Chrome</arg>
<doc>Creates an instance of Selenium WebDriver.</doc>
<msg timestamp="20240129 22:06:51.753" level="INFO">Creating an instance of the Chrome WebDriver.</msg>
<status status="PASS" starttime="20240129 22:06:51.738" endtime="20240129 22:07:00.728"/>
</kw>
<kw name="Go To" library="SeleniumLibrary">
<arg>https://rahulshettyacademy.com/loginpagePractise/</arg>
<doc>Navigates the current browser window to the provided ``url``.</doc>
<msg timestamp="20240129 22:07:00.730" level="INFO">Opening url 'https://rahulshettyacademy.com/loginpagePractise/'</msg>
<status status="PASS" starttime="20240129 22:07:00.730" endtime="20240129 22:07:03.155"/>
</kw>
<status status="PASS" starttime="20240129 22:06:51.738" endtime="20240129 22:07:03.155"/>
</kw>
<kw name="Fill the login form">
<kw name="Input Text" library="SeleniumLibrary">
<arg>xpath://input[@id='username']</arg>
<arg>rahulshettyacademy</arg>
<doc>Types the given ``text`` into the text field identified by ``locator``.</doc>
<msg timestamp="20240129 22:07:03.164" level="INFO">Typing text 'rahulshettyacademy' into text field 'xpath://input[@id='username']'.</msg>
<status status="PASS" starttime="20240129 22:07:03.155" endtime="20240129 22:07:04.867"/>
</kw>
<kw name="Input Password" library="SeleniumLibrary">
<arg>id:password</arg>
<arg>123456</arg>
<doc>Types the given password into the text field identified by ``locator``.</doc>
<msg timestamp="20240129 22:07:04.870" level="INFO">Typing password into text field 'id:password'.</msg>
<msg timestamp="20240129 22:07:05.768" level="INFO">Temporally setting log level to: NONE</msg>
<msg timestamp="20240129 22:07:06.871" level="INFO">Log level changed from NONE to INFO.</msg>
<status status="PASS" starttime="20240129 22:07:04.868" endtime="20240129 22:07:06.871"/>
</kw>
<kw name="Click Button" library="SeleniumLibrary">
<arg>signInBtn</arg>
<doc>Clicks the button identified by ``locator``.</doc>
<msg timestamp="20240129 22:07:06.875" level="INFO">Clicking button 'signInBtn'.</msg>
<status status="PASS" starttime="20240129 22:07:06.873" endtime="20240129 22:07:07.137"/>
</kw>
<status status="PASS" starttime="20240129 22:07:03.155" endtime="20240129 22:07:07.137"/>
</kw>
<kw name="wait untill it checks and display error message">
<kw name="Wait Until Element Is Visible" library="SeleniumLibrary">
<arg>${Error_MessageLogin}</arg>
<doc>Waits until the element ``locator`` is visible.</doc>
<status status="PASS" starttime="20240129 22:07:07.137" endtime="20240129 22:07:09.496"/>
</kw>
<status status="PASS" starttime="20240129 22:07:07.137" endtime="20240129 22:07:09.496"/>
</kw>
<kw name="verify error message is correct">
<kw name="Get Text" library="SeleniumLibrary">
<var>${result}</var>
<arg>${Error_MessageLogin}</arg>
<doc>Returns the text value of the element identified by ``locator``.</doc>
<msg timestamp="20240129 22:07:10.051" level="INFO">${result} = Incorrect username/password.</msg>
<status status="PASS" starttime="20240129 22:07:09.499" endtime="20240129 22:07:10.051"/>
</kw>
<kw name="Should Be Equal As Strings" library="BuiltIn">
<arg>${result}</arg>
<arg>Incorrect username/password.</arg>
<doc>Fails if objects are unequal after converting them to strings.</doc>
<status status="PASS" starttime="20240129 22:07:10.054" endtime="20240129 22:07:10.056"/>
</kw>
<kw name="Element Text Should Be" library="SeleniumLibrary">
<arg>${Error_MessageLogin}</arg>
<arg>Incorrect username/password.</arg>
<doc>Verifies that element ``locator`` contains exact the text ``expected``.</doc>
<msg timestamp="20240129 22:07:10.059" level="INFO">Verifying element 'css:.alert-danger' contains exact text 'Incorrect username/password.'.</msg>
<status status="PASS" starttime="20240129 22:07:10.056" endtime="20240129 22:07:10.208"/>
</kw>
<status status="PASS" starttime="20240129 22:07:09.499" endtime="20240129 22:07:10.208"/>
</kw>
<kw name="Close Browser" library="SeleniumLibrary" type="TEARDOWN">
<doc>Closes the current browser.</doc>
<status status="PASS" starttime="20240129 22:07:10.208" endtime="20240129 22:07:13.094"/>
</kw>
<status status="PASS" starttime="20240129 22:06:51.738" endtime="20240129 22:07:13.094"/>
</test>
<doc>To validate the login form</doc>
<status status="PASS" starttime="20240129 22:06:50.970" endtime="20240129 22:07:13.094"/>
</suite>
<status status="PASS" starttime="20240129 22:06:50.886" endtime="20240129 22:07:13.101"/>
</suite>
<statistics>
<total>
<stat pass="1" fail="0" skip="0">All Tests</stat>
</total>
<tag>
</tag>
<suite>
<stat pass="1" fail="0" skip="0" id="s1" name="Tests">Tests</stat>
<stat pass="1" fail="0" skip="0" id="s1-s1" name="testDemo1">Tests.testDemo1</stat>
</suite>
</statistics>
<errors>
</errors>
</robot>
